2019-02-14 12:20:00.113 INFO: Initialising cipher: rc4-md5
2019-02-14 12:20:00.114 INFO: Running in server mode.
2019-02-14 12:20:00.124 DEBUG: Listen UDP socket state changed to QAbstractSocket::BoundState
2019-02-14 12:20:00.124 INFO: TCP server listening at 0.0.0.0:12199
2019-02-14 12:20:01.951 INFO: Connecting ss1.bdstatic.com:443 from 10.12.14.21:52228
2019-02-14 12:20:01.951 INFO: Connecting www.baidu.com:443 from 10.12.14.21:52225
2019-02-14 12:20:01.951 INFO: Connecting www.baidu.com:443 from 10.12.14.21:52227
2019-02-14 12:20:07.471 DEBUG: Local socket: The remote host closed the connection
2019-02-14 12:20:07.471 DEBUG: Local socket: The remote host closed the connection
2019-02-14 12:20:07.472 DEBUG: Local socket: The remote host closed the connection
2019-02-14 12:20:10.091 INFO: Connecting clientservices.googleapis.com:443 from 10.12.14.21:52238
2019-02-14 12:20:10.091 INFO: Connecting accounts.google.com:443 from 10.12.14.21:52240
2019-02-14 12:20:10.092 INFO: Connecting www.google.com:443 from 10.12.14.21:52241
2019-02-14 12:20:10.116 INFO: Connecting www.google.com:443 from 10.12.14.21:52246
2019-02-14 12:20:10.126 INFO: Connecting www.googleapis.com:443 from 10.12.14.21:52253
2019-02-14 12:20:12.605 DEBUG: Remote socket: The remote host closed the connection
2019-02-14 12:20:12.614 INFO: Connecting accounts.google.com:443 from 10.12.14.21:52261
2019-02-14 12:20:12.946 INFO: Connecting www.google.com:443 from 10.12.14.21:52267
2019-02-14 12:20:13.082 INFO: Connecting www.baidu.com:443 from 10.12.14.21:52275
2019-02-14 12:20:13.083 INFO: Connecting www.baidu.com:443 from 10.12.14.21:52276
2019-02-14 12:20:13.093 INFO: Connecting www.google.com:443 from 10.12.14.21:52280
2019-02-14 12:20:13.563 INFO: Connecting www.google.com:443 from 10.12.14.21:52284
2019-02-14 12:20:16.388 INFO: Connecting sp1.baidu.com:443 from 10.12.14.21:52292
2019-02-14 12:20:16.446 INFO: Connecting ss3.baidu.com:443 from 10.12.14.21:52308
2019-02-14 12:20:16.447 INFO: Connecting ss0.baidu.com:443 from 10.12.14.21:52305
2019-02-14 12:20:16.447 INFO: Connecting ss1.baidu.com:443 from 10.12.14.21:52306
2019-02-14 12:20:16.447 INFO: Connecting ss2.baidu.com:443 from 10.12.14.21:52307
2019-02-14 12:20:16.512 INFO: Connecting sp0.baidu.com:443 from 10.12.14.21:52312
2019-02-14 12:20:16.559 INFO: Connecting sp0.baidu.com:443 from 10.12.14.21:52316
2019-02-14 12:20:16.596 INFO: Connecting sp0.baidu.com:443 from 10.12.14.21:52320
2019-02-14 12:20:18.769 INFO: Connecting cambrian-images.cdn.bcebos.com:443 from 10.12.14.21:52334
2019-02-14 12:20:18.769 INFO: Connecting cambrian-images.cdn.bcebos.com:443 from 10.12.14.21:52336
2019-02-14 12:20:18.770 INFO: Connecting cambrian-images.cdn.bcebos.com:443 from 10.12.14.21:52337
2019-02-14 12:20:19.862 INFO: Connecting ssl.gstatic.com:443 from 10.12.14.21:52345
2019-02-14 12:20:19.863 INFO: Connecting ssl.gstatic.com:443 from 10.12.14.21:52346
2019-02-14 12:20:20.064 DEBUG: Local socket: The remote host closed the connection
2019-02-14 12:20:26.662 DEBUG: Local socket: The remote host closed the connection
2019-02-14 12:20:26.685 DEBUG: Local socket: The remote host closed the connection
2019-02-14 12:20:26.685 DEBUG: Local socket: The remote host closed the connection
2019-02-14 12:20:26.686 DEBUG: Local socket: The remote host closed the connection
2019-02-14 12:20:26.686 DEBUG: Local socket: The remote host closed the connection
2019-02-14 12:20:26.686 DEBUG: Local socket: The remote host closed the connection
2019-02-14 12:20:26.686 DEBUG: Local socket: The remote host closed the connection
2019-02-14 12:20:26.686 DEBUG: Local socket: The remote host closed the connection
2019-02-14 12:20:26.686 DEBUG: Local socket: The remote host closed the connection
2019-02-14 12:20:26.686 DEBUG: Local socket: The remote host closed the connection
2019-02-14 12:20:26.687 DEBUG: Local socket: The remote host closed the connection
2019-02-14 12:20:26.687 DEBUG: Local socket: The remote host closed the connection
2019-02-14 12:20:26.687 DEBUG: Local socket: The remote host closed the connection
2019-02-14 12:20:26.687 DEBUG: Local socket: The remote host closed the connection
2019-02-14 12:20:26.687 DEBUG: Local socket: The remote host closed the connection
2019-02-14 12:20:26.687 DEBUG: Local socket: The remote host closed the connection
2019-02-14 12:20:26.687 DEBUG: Local socket: The remote host closed the connection
2019-02-14 12:20:26.688 DEBUG: Local socket: The remote host closed the connection
2019-02-14 12:20:26.688 DEBUG: Local socket: The remote host closed the connection
2019-02-14 12:20:26.688 DEBUG: Local socket: The remote host closed the connection
2019-02-14 12:20:26.688 DEBUG: Local socket: The remote host closed the connection
2019-02-14 12:20:26.708 DEBUG: Local socket: The remote host closed the connection
2019-02-14 12:20:52.100 WARN: Remote socket: Connection timed out
2019-02-14 12:20:52.118 WARN: Remote socket: Connection timed out
2019-02-14 12:20:52.130 WARN: Remote socket: Connection timed out
2019-02-14 12:20:54.618 WARN: Remote socket: Connection timed out
2019-02-14 12:20:54.949 WARN: Remote socket: Connection timed out
2019-02-14 12:20:55.098 WARN: Remote socket: Connection timed out
2019-02-14 12:20:55.566 WARN: Remote socket: Connection timed out
2019-02-14 12:30:01.997 INFO: TCP connection timeout.
2019-02-14 12:30:02.019 INFO: TCP connection timeout.
2019-02-14 12:30:02.541 INFO: TCP connection timeout.
2019-02-14 12:30:10.114 INFO: TCP connection timeout.
2019-02-14 12:30:10.114 INFO: TCP connection timeout.
2019-02-14 12:30:10.130 INFO: TCP connection timeout.
2019-02-14 12:30:10.130 INFO: TCP connection timeout.
2019-02-14 12:30:10.745 INFO: TCP connection timeout.
2019-02-14 12:30:12.618 INFO: TCP connection timeout.
2019-02-14 12:30:12.946 INFO: TCP connection timeout.
2019-02-14 12:30:13.105 INFO: TCP connection timeout.
2019-02-14 12:30:13.558 INFO: TCP connection timeout.
2019-02-14 12:30:16.572 INFO: TCP connection timeout.
2019-02-14 12:30:16.572 INFO: TCP connection timeout.
2019-02-14 12:30:16.572 INFO: TCP connection timeout.
2019-02-14 12:30:16.572 INFO: TCP connection timeout.
2019-02-14 12:30:16.666 INFO: TCP connection timeout.
2019-02-14 12:30:16.666 INFO: TCP connection timeout.
2019-02-14 12:30:18.790 INFO: TCP connection timeout.
2019-02-14 12:30:18.790 INFO: TCP connection timeout.
2019-02-14 12:30:18.822 INFO: TCP connection timeout.
2019-02-14 12:30:18.853 INFO: TCP connection timeout.
2019-02-14 12:30:18.915 INFO: TCP connection timeout.
2019-02-14 12:30:18.915 INFO: TCP connection timeout.
2019-02-14 12:30:18.915 INFO: TCP connection timeout.
2019-02-14 12:30:19.996 INFO: TCP connection timeout.
2019-02-14 12:30:20.290 INFO: TCP connection timeout.
2019-02-14 12:40:01.996 INFO: TCP connection timeout.
2019-02-14 12:40:02.012 INFO: TCP connection timeout.
2019-02-14 12:40:02.540 INFO: TCP connection timeout.
2019-02-14 12:40:10.100 INFO: TCP connection timeout.
2019-02-14 12:40:10.100 INFO: TCP connection timeout.
2019-02-14 12:40:10.116 INFO: TCP connection timeout.
2019-02-14 12:40:10.116 INFO: TCP connection timeout.
2019-02-14 12:40:10.745 INFO: TCP connection timeout.
2019-02-14 12:40:12.618 INFO: TCP connection timeout.
2019-02-14 12:40:12.946 INFO: TCP connection timeout.
2019-02-14 12:40:13.123 INFO: TCP connection timeout.
2019-02-14 12:40:13.573 INFO: TCP connection timeout.
2019-02-14 12:40:16.571 INFO: TCP connection timeout.
2019-02-14 12:40:16.571 INFO: TCP connection timeout.
2019-02-14 12:40:16.571 INFO: TCP connection timeout.
2019-02-14 12:40:16.571 INFO: TCP connection timeout.
2019-02-14 12:40:16.680 INFO: TCP connection timeout.
2019-02-14 12:40:16.680 INFO: TCP connection timeout.
2019-02-14 12:40:18.790 INFO: TCP connection timeout.
2019-02-14 12:40:18.790 INFO: TCP connection timeout.
2019-02-14 12:40:18.821 INFO: TCP connection timeout.
2019-02-14 12:40:18.868 INFO: TCP connection timeout.
2019-02-14 12:40:18.915 INFO: TCP connection timeout.
2019-02-14 12:40:18.915 INFO: TCP connection timeout.
2019-02-14 12:40:18.915 INFO: TCP connection timeout.
2019-02-14 12:40:19.996 INFO: TCP connection timeout.
2019-02-14 12:40:20.297 INFO: TCP connection timeout.
2019-02-14 12:50:01.746 INFO: Connecting api.github.com:443 from 10.12.14.21:53328
2019-02-14 12:50:01.996 INFO: TCP connection timeout.
2019-02-14 12:50:02.012 INFO: TCP connection timeout.
2019-02-14 12:50:02.269 INFO: Connecting clientservices.googleapis.com:443 from 10.12.14.21:53332
2019-02-14 12:50:02.290 INFO: Connecting www.google.com:443 from 10.12.14.21:53339
2019-02-14 12:50:02.290 INFO: Connecting www.google.com:443 from 10.12.14.21:53340
2019-02-14 12:50:02.305 INFO: Connecting accounts.google.com:443 from 10.12.14.21:53347
2019-02-14 12:50:02.305 INFO: Connecting www.googleapis.com:443 from 10.12.14.21:53348
2019-02-14 12:50:02.555 INFO: TCP connection timeout.
2019-02-14 12:50:04.124 INFO: Connecting www.google.com:443 from 10.12.14.21:53352
2019-02-14 12:50:04.155 INFO: Connecting github.com:443 from 10.12.14.21:53356
2019-02-14 12:50:04.261 INFO: Connecting www.baidu.com:443 from 10.12.14.21:53362
2019-02-14 12:50:04.263 INFO: Connecting www.baidu.com:443 from 10.12.14.21:53364
2019-02-14 12:50:04.290 INFO: Connecting www.google.com:443 from 10.12.14.21:53368
2019-02-14 12:50:04.465 INFO: Connecting www.google.com:443 from 10.12.14.21:53372
2019-02-14 12:50:04.903 INFO: Connecting www.google.com:443 from 10.12.14.21:53376
2019-02-14 12:50:05.118 INFO: Connecting github-production-release-asset-2e65be.s3.amazonaws.com:443 from 10.12.14.21:53380
2019-02-14 12:50:07.698 INFO: Connecting www.google.com:443 from 10.12.14.21:53384
2019-02-14 12:50:07.885 INFO: Connecting www.google.com:443 from 10.12.14.21:53388
2019-02-14 12:50:09.339 INFO: Connecting www.google.com:443 from 10.12.14.21:53392
2019-02-14 12:50:10.108 INFO: TCP connection timeout.
2019-02-14 12:50:10.108 INFO: TCP connection timeout.
2019-02-14 12:50:10.124 INFO: TCP connection timeout.
2019-02-14 12:50:10.124 INFO: TCP connection timeout.
2019-02-14 12:50:10.742 INFO: TCP connection timeout.
2019-02-14 12:50:12.055 INFO: Connecting ssl.gstatic.com:443 from 10.12.14.21:53401
2019-02-14 12:50:12.055 INFO: Connecting ssl.gstatic.com:443 from 10.12.14.21:53402
2019-02-14 12:50:12.290 DEBUG: Local socket: The remote host closed the connection
2019-02-14 12:50:12.618 INFO: TCP connection timeout.
2019-02-14 12:50:12.946 INFO: TCP connection timeout.
2019-02-14 12:50:13.118 INFO: TCP connection timeout.
2019-02-14 12:50:13.574 INFO: TCP connection timeout.
2019-02-14 12:50:14.616 DEBUG: Local socket: The remote host closed the connection
2019-02-14 12:50:14.647 DEBUG: Local socket: The remote host closed the connection
2019-02-14 12:50:14.647 DEBUG: Local socket: The remote host closed the connection
2019-02-14 12:50:14.647 DEBUG: Local socket: The remote host closed the connection
2019-02-14 12:50:14.647 DEBUG: Local socket: The remote host closed the connection
2019-02-14 12:50:14.647 DEBUG: Local socket: The remote host closed the connection
2019-02-14 12:50:14.647 DEBUG: Local socket: The remote host closed the connection
2019-02-14 12:50:14.647 DEBUG: Local socket: The remote host closed the connection
2019-02-14 12:50:14.647 DEBUG: Local socket: The remote host closed the connection
2019-02-14 12:50:14.647 DEBUG: Local socket: The remote host closed the connection
2019-02-14 12:50:14.647 DEBUG: Local socket: The remote host closed the connection
2019-02-14 12:50:14.647 DEBUG: Local socket: The remote host closed the connection
2019-02-14 12:50:14.647 DEBUG: Local socket: The remote host closed the connection
2019-02-14 12:50:14.647 DEBUG: Local socket: The remote host closed the connection
2019-02-14 12:50:14.663 DEBUG: Local socket: The remote host closed the connection
2019-02-14 12:50:16.583 INFO: TCP connection timeout.
2019-02-14 12:50:16.583 INFO: TCP connection timeout.
2019-02-14 12:50:16.583 INFO: TCP connection timeout.
2019-02-14 12:50:16.583 INFO: TCP connection timeout.
2019-02-14 12:50:16.693 INFO: TCP connection timeout.
2019-02-14 12:50:16.693 INFO: TCP connection timeout.
2019-02-14 12:50:18.789 INFO: TCP connection timeout.
2019-02-14 12:50:18.789 INFO: TCP connection timeout.
2019-02-14 12:50:18.820 INFO: TCP connection timeout.
2019-02-14 12:50:18.867 INFO: TCP connection timeout.
2019-02-14 12:50:18.914 INFO: TCP connection timeout.
2019-02-14 12:50:18.914 INFO: TCP connection timeout.
2019-02-14 12:50:18.914 INFO: TCP connection timeout.
2019-02-14 12:50:19.996 INFO: TCP connection timeout.
2019-02-14 12:50:20.289 INFO: TCP connection timeout.
2019-02-14 12:50:23.340 WARN: QIODevice::write (QTcpSocket): device not open
2019-02-14 12:50:34.740 WARN: QIODevice::write (QTcpSocket): device not open
2019-02-14 12:50:44.352 WARN: Remote socket: Connection timed out
2019-02-14 12:50:44.352 WARN: Remote socket: Connection timed out
2019-02-14 12:50:46.161 WARN: Remote socket: Connection timed out
2019-02-14 12:50:46.336 WARN: Remote socket: Connection timed out
2019-02-14 12:50:46.507 WARN: Remote socket: Connection timed out
2019-02-14 12:50:46.758 DEBUG: Remote socket: The remote host closed the connection
2019-02-14 12:50:46.944 WARN: Remote socket: Connection timed out
2019-02-14 12:50:49.736 WARN: Remote socket: Connection timed out
2019-02-14 12:50:49.923 WARN: Remote socket: Connection timed out
2019-02-14 12:50:51.372 WARN: Remote socket: Connection timed out
2019-02-14 12:51:03.792 DEBUG: Remote socket: The remote host closed the connection
2019-02-14 12:51:05.090 DEBUG: Remote socket: The remote host closed the connection
2019-02-14 12:53:06.288 INFO: Connecting login.live.com:443 from 10.12.14.21:53484
2019-02-14 12:54:11.371 DEBUG: Remote socket: The remote host closed the connection
2019-02-14 13:07:13.060 INFO: Initialising cipher: rc4-md5
2019-02-14 13:07:13.060 INFO: Running in server mode.
2019-02-14 13:07:13.070 DEBUG: Listen UDP socket state changed to QAbstractSocket::BoundState
2019-02-14 13:07:13.070 INFO: TCP server listening at 0.0.0.0:12199
2019-02-14 13:07:18.568 INFO: Connecting www.baidu.com:443 from 10.12.13.114:52973
2019-02-14 13:07:18.568 INFO: Connecting www.baidu.com:443 from 10.12.13.114:52974
2019-02-14 13:07:18.568 INFO: Connecting sp1.baidu.com:443 from 10.12.13.114:52975
2019-02-14 13:07:18.568 INFO: Connecting sp2.baidu.com:443 from 10.12.13.114:52976
2019-02-14 13:07:18.568 INFO: Connecting sp0.baidu.com:443 from 10.12.13.114:52977
2019-02-14 13:07:18.578 INFO: Connecting ss0.bdstatic.com:443 from 10.12.13.114:52978
2019-02-14 13:07:18.578 INFO: Connecting ss1.bdstatic.com:443 from 10.12.13.114:52980
2019-02-14 13:07:18.578 INFO: Connecting ss3.bdstatic.com:443 from 10.12.13.114:52979
2019-02-14 13:07:19.218 INFO: Connecting ss1.baidu.com:443 from 10.12.13.114:52986
2019-02-14 13:07:19.218 INFO: Connecting ss0.baidu.com:443 from 10.12.13.114:52985
2019-02-14 13:07:19.218 INFO: Connecting ss0.baidu.com:443 from 10.12.13.114:52984
2019-02-14 13:07:19.278 DEBUG: Local socket: The remote host closed the connection
2019-02-14 13:07:20.769 INFO: Connecting hpd.baidu.com:443 from 10.12.13.114:52991
2019-02-14 13:07:38.609 DEBUG: Remote socket: The remote host closed the connection
2019-02-14 13:07:38.618 DEBUG: Remote socket: The remote host closed the connection
2019-02-14 13:07:38.618 DEBUG: Remote socket: The remote host closed the connection
2019-02-14 13:07:39.289 DEBUG: Remote socket: The remote host closed the connection
2019-02-14 13:07:39.299 DEBUG: Remote socket: The remote host closed the connection
2019-02-14 13:07:42.575 INFO: Connecting rl.mail.qq.com:443 from 10.12.13.114:53058
2019-02-14 13:07:42.575 INFO: Connecting ui.ptlogin2.qq.com:443 from 10.12.13.114:53060
2019-02-14 13:07:42.575 INFO: Connecting ssl.ptlogin2.qq.com:443 from 10.12.13.114:53057
2019-02-14 13:07:42.575 INFO: Connecting res.wx.qq.com:443 from 10.12.13.114:53061
2019-02-14 13:07:42.575 INFO: Connecting mail.qq.com:443 from 10.12.13.114:53056
2019-02-14 13:07:42.575 INFO: Connecting res.mail.qq.com:443 from 10.12.13.114:53059
2019-02-14 13:07:42.575 INFO: Connecting rescdn.qqmail.com:443 from 10.12.13.114:53062
2019-02-14 13:07:43.576 INFO: Connecting open.weixin.qq.com:443 from 10.12.13.114:53067
2019-02-14 13:07:43.716 INFO: Connecting tajs.qq.com:443 from 10.12.13.114:53071
2019-02-14 13:07:43.716 INFO: Connecting ty.captcha.qq.com:443 from 10.12.13.114:53070
2019-02-14 13:07:43.775 INFO: Connecting imgcache.qq.com:443 from 10.12.13.114:53075
2019-02-14 13:07:43.785 INFO: Connecting clients1.google.com:443 from 10.12.13.114:53076
2019-02-14 13:07:43.835 INFO: Connecting ssl.captcha.qq.com:443 from 10.12.13.114:53080
2019-02-14 13:07:43.855 DEBUG: Remote socket: The remote host closed the connection
2019-02-14 13:07:44.013 INFO: Connecting long.open.weixin.qq.com:443 from 10.12.13.114:53082
2019-02-14 13:07:44.023 INFO: Connecting pingtas.qq.com:443 from 10.12.13.114:53084
2019-02-14 13:07:44.030 INFO: Connecting localhost.ptlogin2.qq.com:4301 from 10.12.13.114:53086
2019-02-14 13:07:44.346 INFO: Connecting localhost.ptlogin2.qq.com:4303 from 10.12.13.114:53088
2019-02-14 13:07:44.346 INFO: Connecting captcha.gtimg.com:443 from 10.12.13.114:53090
2019-02-14 13:07:44.626 INFO: Connecting localhost.ptlogin2.qq.com:4305 from 10.12.13.114:53092
2019-02-14 13:07:44.925 INFO: Connecting localhost.ptlogin2.qq.com:4307 from 10.12.13.114:53094
2019-02-14 13:07:45.226 INFO: Connecting localhost.ptlogin2.qq.com:4309 from 10.12.13.114:53099
2019-02-14 13:07:45.266 INFO: Connecting xui.ptlogin2.qq.com:443 from 10.12.13.114:53101
2019-02-14 13:07:45.315 INFO: Connecting huatuospeed.weiyun.com:443 from 10.12.13.114:53103
2019-02-14 13:07:45.476 DEBUG: Remote socket: The remote host closed the connection
2019-02-14 13:07:46.037 WARN: Remote socket: Connection refused
2019-02-14 13:07:46.118 INFO: Connecting localhost.ptlogin2.qq.com:4301 from 10.12.13.114:53105
2019-02-14 13:07:46.365 WARN: Remote socket: Connection refused
2019-02-14 13:07:46.365 INFO: Connecting localhost.ptlogin2.qq.com:4303 from 10.12.13.114:53110
2019-02-14 13:07:46.654 WARN: Remote socket: Connection refused
2019-02-14 13:07:46.654 INFO: Connecting localhost.ptlogin2.qq.com:4305 from 10.12.13.114:53112
2019-02-14 13:07:46.954 WARN: Remote socket: Connection refused
2019-02-14 13:07:47.045 INFO: Connecting localhost.ptlogin2.qq.com:4307 from 10.12.13.114:53114
2019-02-14 13:07:47.255 WARN: Remote socket: Connection refused
2019-02-14 13:07:47.255 INFO: Connecting localhost.ptlogin2.qq.com:4309 from 10.12.13.114:53116
2019-02-14 13:07:48.145 WARN: Remote socket: Connection refused
2019-02-14 13:07:48.390 WARN: Remote socket: Connection refused
2019-02-14 13:07:48.680 WARN: Remote socket: Connection refused
2019-02-14 13:07:49.069 WARN: Remote socket: Connection refused
2019-02-14 13:07:49.280 WARN: Remote socket: Connection refused
2019-02-14 13:07:50.859 DEBUG: Remote socket: The remote host closed the connection
2019-02-14 13:07:54.198 DEBUG: Local socket: The remote host closed the connection
2019-02-14 13:07:54.218 INFO: Connecting ss1.baidu.com:443 from 10.12.13.114:53138
2019-02-14 13:07:54.228 INFO: Connecting ss0.baidu.com:443 from 10.12.13.114:53140
2019-02-14 13:07:54.329 INFO: Connecting ss0.bdstatic.com:443 from 10.12.13.114:53142
2019-02-14 13:07:54.329 INFO: Connecting ss1.bdstatic.com:443 from 10.12.13.114:53144
2019-02-14 13:07:54.329 INFO: Connecting ss3.bdstatic.com:443 from 10.12.13.114:53146
2019-02-14 13:07:54.638 DEBUG: Local socket: The remote host closed the connection
2019-02-14 13:07:56.229 INFO: Connecting hpd.baidu.com:443 from 10.12.13.114:53154
2019-02-14 13:07:59.270 DEBUG: Local socket: The remote host closed the connection
2019-02-14 13:07:59.270 DEBUG: Local socket: The remote host closed the connection
2019-02-14 13:07:59.270 DEBUG: Local socket: The remote host closed the connection
2019-02-14 13:07:59.270 DEBUG: Local socket: The remote host closed the connection
2019-02-14 13:07:59.270 DEBUG: Local socket: The remote host closed the connection
2019-02-14 13:07:59.270 DEBUG: Local socket: The remote host closed the connection
2019-02-14 13:07:59.270 DEBUG: Local socket: The remote host closed the connection
2019-02-14 13:07:59.270 DEBUG: Local socket: The remote host closed the connection
2019-02-14 13:07:59.270 DEBUG: Local socket: The remote host closed the connection
2019-02-14 13:07:59.280 DEBUG: Local socket: The remote host closed the connection
2019-02-14 13:07:59.280 DEBUG: Local socket: The remote host closed the connection
2019-02-14 13:07:59.280 DEBUG: Local socket: The remote host closed the connection
2019-02-14 13:07:59.280 DEBUG: Local socket: The remote host closed the connection
2019-02-14 13:07:59.280 DEBUG: Local socket: The remote host closed the connection
2019-02-14 13:07:59.280 DEBUG: Local socket: The remote host closed the connection
2019-02-14 13:07:59.280 DEBUG: Local socket: The remote host closed the connection
2019-02-14 13:07:59.280 DEBUG: Local socket: The remote host closed the connection
2019-02-14 13:07:59.280 DEBUG: Local socket: The remote host closed the connection
2019-02-14 13:07:59.280 DEBUG: Local socket: The remote host closed the connection
2019-02-14 13:07:59.280 DEBUG: Local socket: The remote host closed the connection
2019-02-14 13:07:59.280 DEBUG: Local socket: The remote host closed the connection
2019-02-14 13:07:59.280 DEBUG: Local socket: The remote host closed the connection
2019-02-14 13:07:59.280 DEBUG: Local socket: The remote host closed the connection
2019-02-14 13:07:59.280 DEBUG: Local socket: The remote host closed the connection
2019-02-14 13:07:59.280 DEBUG: Local socket: The remote host closed the connection
2019-02-14 13:08:25.828 WARN: Remote socket: Connection timed out
2019-02-14 13:10:32.922 INFO: Connecting beacons5.gvt3.com:443 from 127.0.0.1:52350
2019-02-14 13:10:33.044 DEBUG: Local socket: The remote host closed the connection
2019-02-14 13:10:36.133 INFO: Connecting ssl.captcha.qq.com:443 from 127.0.0.1:52391
2019-02-14 13:10:37.228 INFO: Connecting localhost.ptlogin2.qq.com:4309 from 127.0.0.1:52416
2019-02-14 13:10:37.508 INFO: Connecting xui.ptlogin2.qq.com:443 from 127.0.0.1:52421
2019-02-14 13:10:37.950 INFO: Connecting www.baidu.com:443 from 127.0.0.1:52435
2019-02-14 13:10:37.959 DEBUG: Local socket: The remote host closed the connection
2019-02-14 13:10:38.361 INFO: Connecting localhost.ptlogin2.qq.com:4303 from 127.0.0.1:52455
2019-02-14 13:10:39.233 WARN: Remote socket: Connection refused
2019-02-14 13:10:39.236 INFO: Connecting localhost.ptlogin2.qq.com:4309 from 127.0.0.1:52464
2019-02-14 13:10:40.366 WARN: Remote socket: Connection refused
2019-02-14 13:10:41.241 WARN: Remote socket: Connection refused
2019-02-14 13:11:24.421 DEBUG: Local socket: The remote host closed the connection
2019-02-14 13:11:24.421 DEBUG: Local socket: The remote host closed the connection
2019-02-14 13:17:19.277 INFO: TCP connection timeout.
2019-02-14 13:17:38.600 INFO: TCP connection timeout.
2019-02-14 13:17:38.615 INFO: TCP connection timeout.
2019-02-14 13:17:38.615 INFO: TCP connection timeout.
2019-02-14 13:17:39.293 INFO: TCP connection timeout.
2019-02-14 13:17:39.293 INFO: TCP connection timeout.
2019-02-14 13:17:42.652 INFO: TCP connection timeout.
2019-02-14 13:17:43.522 INFO: TCP connection timeout.
2019-02-14 13:17:43.585 INFO: TCP connection timeout.
2019-02-14 13:17:43.744 INFO: TCP connection timeout.
2019-02-14 13:17:43.776 INFO: TCP connection timeout.
2019-02-14 13:17:43.776 INFO: TCP connection timeout.
2019-02-14 13:17:43.807 INFO: TCP connection timeout.
2019-02-14 13:17:43.839 INFO: TCP connection timeout.
2019-02-14 13:17:43.839 INFO: TCP connection timeout.
2019-02-14 13:17:43.851 INFO: TCP connection timeout.
2019-02-14 13:17:44.023 INFO: TCP connection timeout.
2019-02-14 13:17:44.074 INFO: TCP connection timeout.
2019-02-14 13:17:44.138 INFO: TCP connection timeout.
2019-02-14 13:17:44.138 INFO: TCP connection timeout.
2019-02-14 13:17:44.306 INFO: TCP connection timeout.
2019-02-14 13:17:44.338 INFO: TCP connection timeout.
2019-02-14 13:17:44.413 INFO: TCP connection timeout.
2019-02-14 13:17:44.621 INFO: TCP connection timeout.
2019-02-14 13:17:44.914 INFO: TCP connection timeout.
2019-02-14 13:17:45.228 INFO: TCP connection timeout.
2019-02-14 13:17:45.336 INFO: TCP connection timeout.
2019-02-14 13:17:45.367 INFO: TCP connection timeout.
2019-02-14 13:17:45.477 INFO: TCP connection timeout.
2019-02-14 13:17:46.121 INFO: TCP connection timeout.
2019-02-14 13:17:46.353 INFO: TCP connection timeout.
2019-02-14 13:17:46.651 INFO: TCP connection timeout.
2019-02-14 13:17:47.038 INFO: TCP connection timeout.
2019-02-14 13:17:47.247 INFO: TCP connection timeout.
2019-02-14 13:17:50.850 INFO: TCP connection timeout.
2019-02-14 13:17:54.354 INFO: TCP connection timeout.
2019-02-14 13:17:54.354 INFO: TCP connection timeout.
2019-02-14 13:17:54.354 INFO: TCP connection timeout.
2019-02-14 13:17:54.837 INFO: TCP connection timeout.
2019-02-14 13:17:54.837 INFO: TCP connection timeout.
2019-02-14 13:17:55.741 INFO: TCP connection timeout.
2019-02-14 13:17:55.741 INFO: TCP connection timeout.
2019-02-14 13:17:55.808 INFO: TCP connection timeout.
2019-02-14 13:17:56.233 INFO: TCP connection timeout.
2019-02-14 13:17:56.233 INFO: TCP connection timeout.
2019-02-14 13:17:56.296 INFO: TCP connection timeout.
2019-02-14 13:20:33.044 INFO: TCP connection timeout.
2019-02-14 13:20:36.197 INFO: TCP connection timeout.
2019-02-14 13:20:37.227 INFO: TCP connection timeout.
2019-02-14 13:20:37.554 INFO: TCP connection timeout.
2019-02-14 13:20:37.961 INFO: TCP connection timeout.
2019-02-14 13:20:38.351 INFO: TCP connection timeout.
2019-02-14 13:20:39.226 INFO: TCP connection timeout.
2019-02-14 13:27:19.279 INFO: TCP connection timeout.
2019-02-14 13:27:38.602 INFO: TCP connection timeout.
2019-02-14 13:27:38.618 INFO: TCP connection timeout.
2019-02-14 13:27:38.618 INFO: TCP connection timeout.
2019-02-14 13:27:39.295 INFO: TCP connection timeout.
2019-02-14 13:27:39.295 INFO: TCP connection timeout.
2019-02-14 13:27:42.665 INFO: TCP connection timeout.
2019-02-14 13:27:43.545 INFO: TCP connection timeout.
2019-02-14 13:27:43.592 INFO: TCP connection timeout.
2019-02-14 13:27:43.748 INFO: TCP connection timeout.
2019-02-14 13:27:43.780 INFO: TCP connection timeout.
2019-02-14 13:27:43.780 INFO: TCP connection timeout.
2019-02-14 13:27:43.811 INFO: TCP connection timeout.
2019-02-14 13:27:43.842 INFO: TCP connection timeout.
2019-02-14 13:27:43.842 INFO: TCP connection timeout.
2019-02-14 13:27:43.873 INFO: TCP connection timeout.
2019-02-14 13:27:44.031 INFO: TCP connection timeout.
2019-02-14 13:27:44.085 INFO: TCP connection timeout.
2019-02-14 13:27:44.132 INFO: TCP connection timeout.
2019-02-14 13:27:44.132 INFO: TCP connection timeout.
2019-02-14 13:27:44.306 INFO: TCP connection timeout.
2019-02-14 13:27:44.353 INFO: TCP connection timeout.
2019-02-14 13:27:44.415 INFO: TCP connection timeout.
2019-02-14 13:27:44.618 INFO: TCP connection timeout.
2019-02-14 13:27:44.931 INFO: TCP connection timeout.
2019-02-14 13:27:45.246 INFO: TCP connection timeout.
2019-02-14 13:27:45.342 INFO: TCP connection timeout.
2019-02-14 13:27:45.373 INFO: TCP connection timeout.
2019-02-14 13:27:45.498 INFO: TCP connection timeout.
2019-02-14 13:27:46.133 INFO: TCP connection timeout.
2019-02-14 13:27:46.369 INFO: TCP connection timeout.
2019-02-14 13:27:46.665 INFO: TCP connection timeout.
2019-02-14 13:27:47.041 INFO: TCP connection timeout.
2019-02-14 13:27:47.247 INFO: TCP connection timeout.
2019-02-14 13:27:50.869 INFO: TCP connection timeout.
2019-02-14 13:27:54.369 INFO: TCP connection timeout.
2019-02-14 13:27:54.369 INFO: TCP connection timeout.
2019-02-14 13:27:54.369 INFO: TCP connection timeout.
2019-02-14 13:27:54.837 INFO: TCP connection timeout.
2019-02-14 13:27:54.837 INFO: TCP connection timeout.
2019-02-14 13:27:55.747 INFO: TCP connection timeout.
2019-02-14 13:27:55.747 INFO: TCP connection timeout.
2019-02-14 13:27:55.826 INFO: TCP connection timeout.
2019-02-14 13:27:56.228 INFO: TCP connection timeout.
2019-02-14 13:27:56.228 INFO: TCP connection timeout.
2019-02-14 13:27:56.290 INFO: TCP connection timeout.
2019-02-14 13:30:33.041 INFO: TCP connection timeout.
2019-02-14 13:30:36.195 INFO: TCP connection timeout.
2019-02-14 13:30:37.246 INFO: TCP connection timeout.
2019-02-14 13:30:37.560 INFO: TCP connection timeout.
2019-02-14 13:30:37.982 INFO: TCP connection timeout.
2019-02-14 13:30:38.353 INFO: TCP connection timeout.
2019-02-14 13:30:39.232 INFO: TCP connection timeout.
2019-02-14 13:32:01.084 INFO: Connecting www.google.com:443 from 127.0.0.1:56186
2019-02-14 13:32:03.933 INFO: Connecting www.sogou.com:80 from 127.0.0.1:56203
2019-02-14 13:32:03.939 DEBUG: Remote socket: The remote host closed the connection
2019-02-14 13:32:04.814 INFO: Connecting ssl.gstatic.com:443 from 127.0.0.1:56222
2019-02-14 13:32:06.951 INFO: Connecting www.baidu.com:443 from 127.0.0.1:56250
2019-02-14 13:32:07.449 INFO: Connecting router11.teamviewer.com:80 from 127.0.0.1:56255
2019-02-14 13:32:07.480 DEBUG: Remote socket: The remote host closed the connection
2019-02-14 13:32:25.046 DEBUG: Local socket: The remote host closed the connection
2019-02-14 13:32:25.046 DEBUG: Local socket: The remote host closed the connection
2019-02-14 13:32:25.046 DEBUG: Local socket: The remote host closed the connection
2019-02-14 13:32:43.106 WARN: Remote socket: Connection timed out
2019-02-14 13:32:46.822 WARN: Remote socket: Connection timed out
2019-02-14 13:32:48.984 WARN: Remote socket: Connection timed out
2019-02-14 13:37:19.276 INFO: TCP connection timeout.
2019-02-14 13:37:38.601 INFO: TCP connection timeout.
2019-02-14 13:37:38.616 INFO: TCP connection timeout.
2019-02-14 13:37:38.616 INFO: TCP connection timeout.
2019-02-14 13:37:39.293 INFO: TCP connection timeout.
2019-02-14 13:37:39.293 INFO: TCP connection timeout.
2019-02-14 13:37:42.667 INFO: TCP connection timeout.
2019-02-14 13:37:43.539 INFO: TCP connection timeout.
2019-02-14 13:37:43.590 INFO: TCP connection timeout.
2019-02-14 13:37:43.746 INFO: TCP connection timeout.
2019-02-14 13:37:43.775 INFO: TCP connection timeout.
2019-02-14 13:37:43.775 INFO: TCP connection timeout.
2019-02-14 13:37:43.806 INFO: TCP connection timeout.
2019-02-14 13:37:43.838 INFO: TCP connection timeout.
2019-02-14 13:37:43.838 INFO: TCP connection timeout.
2019-02-14 13:37:43.869 INFO: TCP connection timeout.
2019-02-14 13:37:44.022 INFO: TCP connection timeout.
2019-02-14 13:37:44.085 INFO: TCP connection timeout.
2019-02-14 13:37:44.136 INFO: TCP connection timeout.
2019-02-14 13:37:44.136 INFO: TCP connection timeout.
2019-02-14 13:37:44.308 INFO: TCP connection timeout.
2019-02-14 13:37:44.353 INFO: TCP connection timeout.
2019-02-14 13:37:44.416 INFO: TCP connection timeout.
2019-02-14 13:37:44.616 INFO: TCP connection timeout.
2019-02-14 13:37:44.931 INFO: TCP connection timeout.
2019-02-14 13:37:45.245 INFO: TCP connection timeout.
2019-02-14 13:37:45.337 INFO: TCP connection timeout.
2019-02-14 13:37:45.369 INFO: TCP connection timeout.
2019-02-14 13:37:45.493 INFO: TCP connection timeout.
2019-02-14 13:37:46.136 INFO: TCP connection timeout.
2019-02-14 13:37:46.366 INFO: TCP connection timeout.
2019-02-14 13:37:46.664 INFO: TCP connection timeout.
2019-02-14 13:37:47.040 INFO: TCP connection timeout.
2019-02-14 13:37:47.245 INFO: TCP connection timeout.
2019-02-14 13:37:50.880 INFO: TCP connection timeout.
2019-02-14 13:37:54.367 INFO: TCP connection timeout.
2019-02-14 13:37:54.367 INFO: TCP connection timeout.
2019-02-14 13:37:54.367 INFO: TCP connection timeout.
2019-02-14 13:37:54.838 INFO: TCP connection timeout.
2019-02-14 13:37:54.838 INFO: TCP connection timeout.
2019-02-14 13:37:55.755 INFO: TCP connection timeout.
2019-02-14 13:37:55.755 INFO: TCP connection timeout.
2019-02-14 13:37:55.824 INFO: TCP connection timeout.
2019-02-14 13:37:56.231 INFO: TCP connection timeout.
2019-02-14 13:37:56.231 INFO: TCP connection timeout.
2019-02-14 13:37:56.292 INFO: TCP connection timeout.
2019-02-14 13:40:33.041 INFO: TCP connection timeout.
2019-02-14 13:40:36.195 INFO: TCP connection timeout.
2019-02-14 13:40:37.245 INFO: TCP connection timeout.
2019-02-14 13:40:37.558 INFO: TCP connection timeout.
2019-02-14 13:40:37.995 INFO: TCP connection timeout.
2019-02-14 13:40:38.368 INFO: TCP connection timeout.
2019-02-14 13:40:39.246 INFO: TCP connection timeout.
2019-02-14 13:42:01.089 INFO: TCP connection timeout.
2019-02-14 13:42:03.929 INFO: TCP connection timeout.
2019-02-14 13:42:04.809 INFO: TCP connection timeout.
2019-02-14 13:42:06.952 INFO: TCP connection timeout.
2019-02-14 13:42:07.482 INFO: TCP connection timeout.
2019-02-14 13:47:19.275 INFO: TCP connection timeout.
2019-02-14 13:47:38.607 INFO: TCP connection timeout.
2019-02-14 13:47:38.623 INFO: TCP connection timeout.
2019-02-14 13:47:38.623 INFO: TCP connection timeout.
2019-02-14 13:47:39.303 INFO: TCP connection timeout.
2019-02-14 13:47:39.303 INFO: TCP connection timeout.
2019-02-14 13:47:42.665 INFO: TCP connection timeout.
2019-02-14 13:47:43.545 INFO: TCP connection timeout.
2019-02-14 13:47:43.607 INFO: TCP connection timeout.
2019-02-14 13:47:43.745 INFO: TCP connection timeout.
2019-02-14 13:47:43.778 INFO: TCP connection timeout.
2019-02-14 13:47:43.778 INFO: TCP connection timeout.
2019-02-14 13:47:43.811 INFO: TCP connection timeout.
2019-02-14 13:47:43.843 INFO: TCP connection timeout.
2019-02-14 13:47:43.843 INFO: TCP connection timeout.
2019-02-14 13:47:43.866 INFO: TCP connection timeout.
2019-02-14 13:47:44.028 INFO: TCP connection timeout.
2019-02-14 13:47:44.090 INFO: TCP connection timeout.
2019-02-14 13:47:44.138 INFO: TCP connection timeout.
2019-02-14 13:47:44.138 INFO: TCP connection timeout.
2019-02-14 13:47:44.307 INFO: TCP connection timeout.
2019-02-14 13:47:44.358 INFO: TCP connection timeout.
2019-02-14 13:47:44.421 INFO: TCP connection timeout.
2019-02-14 13:47:44.623 INFO: TCP connection timeout.
2019-02-14 13:47:44.931 INFO: TCP connection timeout.
2019-02-14 13:47:45.252 INFO: TCP connection timeout.
2019-02-14 13:47:45.338 INFO: TCP connection timeout.
2019-02-14 13:47:45.370 INFO: TCP connection timeout.
2019-02-14 13:47:45.502 INFO: TCP connection timeout.
2019-02-14 13:47:46.159 INFO: TCP connection timeout.
2019-02-14 13:47:46.376 INFO: TCP connection timeout.
2019-02-14 13:47:46.691 INFO: TCP connection timeout.
2019-02-14 13:47:47.040 INFO: TCP connection timeout.
2019-02-14 13:47:47.258 INFO: TCP connection timeout.
2019-02-14 13:47:50.871 INFO: TCP connection timeout.
2019-02-14 13:47:54.368 INFO: TCP connection timeout.
2019-02-14 13:47:54.368 INFO: TCP connection timeout.
2019-02-14 13:47:54.368 INFO: TCP connection timeout.
2019-02-14 13:47:54.840 INFO: TCP connection timeout.
2019-02-14 13:47:54.840 INFO: TCP connection timeout.
2019-02-14 13:47:55.753 INFO: TCP connection timeout.
2019-02-14 13:47:55.753 INFO: TCP connection timeout.
2019-02-14 13:47:55.831 INFO: TCP connection timeout.
2019-02-14 13:47:56.238 INFO: TCP connection timeout.
2019-02-14 13:47:56.238 INFO: TCP connection timeout.
2019-02-14 13:47:56.290 INFO: TCP connection timeout.
2019-02-14 13:50:33.043 INFO: TCP connection timeout.
2019-02-14 13:50:36.200 INFO: TCP connection timeout.
2019-02-14 13:50:37.262 INFO: TCP connection timeout.
2019-02-14 13:50:37.559 INFO: TCP connection timeout.
2019-02-14 13:50:37.996 INFO: TCP connection timeout.
2019-02-14 13:50:38.370 INFO: TCP connection timeout.
2019-02-14 13:50:39.248 INFO: TCP connection timeout.
2019-02-14 13:52:01.089 INFO: TCP connection timeout.
2019-02-14 13:52:03.933 INFO: TCP connection timeout.
2019-02-14 13:52:04.804 INFO: TCP connection timeout.
2019-02-14 13:52:06.943 INFO: TCP connection timeout.
2019-02-14 13:52:07.479 INFO: TCP connection timeout.
2019-02-14 13:57:19.275 INFO: TCP connection timeout.
2019-02-14 13:57:38.607 INFO: TCP connection timeout.
2019-02-14 13:57:38.621 INFO: TCP connection timeout.
2019-02-14 13:57:38.621 INFO: TCP connection timeout.
2019-02-14 13:57:39.306 INFO: TCP connection timeout.
2019-02-14 13:57:39.306 INFO: TCP connection timeout.
2019-02-14 13:57:42.662 INFO: TCP connection timeout.
2019-02-14 13:57:43.540 INFO: TCP connection timeout.
2019-02-14 13:57:43.603 INFO: TCP connection timeout.
2019-02-14 13:57:43.742 INFO: TCP connection timeout.
2019-02-14 13:57:43.775 INFO: TCP connection timeout.
2019-02-14 13:57:43.775 INFO: TCP connection timeout.
2019-02-14 13:57:43.807 INFO: TCP connection timeout.
2019-02-14 13:57:43.838 INFO: TCP connection timeout.
2019-02-14 13:57:43.838 INFO: TCP connection timeout.
2019-02-14 13:57:43.867 INFO: TCP connection timeout.
2019-02-14 13:57:44.022 INFO: TCP connection timeout.
2019-02-14 13:57:44.090 INFO: TCP connection timeout.
2019-02-14 13:57:44.138 INFO: TCP connection timeout.
2019-02-14 13:57:44.138 INFO: TCP connection timeout.
2019-02-14 13:57:44.305 INFO: TCP connection timeout.
2019-02-14 13:57:44.352 INFO: TCP connection timeout.
2019-02-14 13:57:44.413 INFO: TCP connection timeout.
2019-02-14 13:57:44.619 INFO: TCP connection timeout.
2019-02-14 13:57:44.933 INFO: TCP connection timeout.
2019-02-14 13:57:45.245 INFO: TCP connection timeout.
2019-02-14 13:57:45.338 INFO: TCP connection timeout.
2019-02-14 13:57:45.370 INFO: TCP connection timeout.
2019-02-14 13:57:45.492 INFO: TCP connection timeout.
2019-02-14 13:57:46.153 INFO: TCP connection timeout.
2019-02-14 13:57:46.366 INFO: TCP connection timeout.
2019-02-14 13:57:46.681 INFO: TCP connection timeout.
2019-02-14 13:57:47.037 INFO: TCP connection timeout.
2019-02-14 13:57:47.260 INFO: TCP connection timeout.
2019-02-14 13:57:50.872 INFO: TCP connection timeout.
2019-02-14 13:57:54.368 INFO: TCP connection timeout.
2019-02-14 13:57:54.368 INFO: TCP connection timeout.
2019-02-14 13:57:54.368 INFO: TCP connection timeout.
2019-02-14 13:57:54.838 INFO: TCP connection timeout.
2019-02-14 13:57:54.838 INFO: TCP connection timeout.
2019-02-14 13:57:55.747 INFO: TCP connection timeout.
2019-02-14 13:57:55.747 INFO: TCP connection timeout.
2019-02-14 13:57:55.823 INFO: TCP connection timeout.
2019-02-14 13:57:56.233 INFO: TCP connection timeout.
2019-02-14 13:57:56.233 INFO: TCP connection timeout.
2019-02-14 13:57:56.298 INFO: TCP connection timeout.
2019-02-14 14:00:33.039 INFO: TCP connection timeout.
2019-02-14 14:00:36.209 INFO: TCP connection timeout.
2019-02-14 14:00:37.264 INFO: TCP connection timeout.
2019-02-14 14:00:37.576 INFO: TCP connection timeout.
2019-02-14 14:00:37.998 INFO: TCP connection timeout.
2019-02-14 14:00:38.366 INFO: TCP connection timeout.
2019-02-14 14:00:39.258 INFO: TCP connection timeout.
2019-02-14 14:02:01.088 INFO: TCP connection timeout.
2019-02-14 14:02:03.930 INFO: TCP connection timeout.
2019-02-14 14:02:04.807 INFO: TCP connection timeout.
2019-02-14 14:02:06.948 INFO: TCP connection timeout.
2019-02-14 14:02:07.480 INFO: TCP connection timeout.
2019-02-14 14:07:19.277 INFO: TCP connection timeout.
2019-02-14 14:07:38.604 INFO: TCP connection timeout.
2019-02-14 14:07:38.620 INFO: TCP connection timeout.
2019-02-14 14:07:38.620 INFO: TCP connection timeout.
2019-02-14 14:07:39.305 INFO: TCP connection timeout.
2019-02-14 14:07:39.305 INFO: TCP connection timeout.
2019-02-14 14:07:42.665 INFO: TCP connection timeout.
2019-02-14 14:07:43.537 INFO: TCP connection timeout.
2019-02-14 14:07:43.608 INFO: TCP connection timeout.
2019-02-14 14:07:43.748 INFO: TCP connection timeout.
2019-02-14 14:07:43.780 INFO: TCP connection timeout.
2019-02-14 14:07:43.780 INFO: TCP connection timeout.
2019-02-14 14:07:43.808 INFO: TCP connection timeout.
2019-02-14 14:07:43.840 INFO: TCP connection timeout.
2019-02-14 14:07:43.840 INFO: TCP connection timeout.
2019-02-14 14:07:43.872 INFO: TCP connection timeout.
2019-02-14 14:07:44.024 INFO: TCP connection timeout.
2019-02-14 14:07:44.087 INFO: TCP connection timeout.
2019-02-14 14:07:44.133 INFO: TCP connection timeout.
2019-02-14 14:07:44.133 INFO: TCP connection timeout.
2019-02-14 14:07:44.309 INFO: TCP connection timeout.
2019-02-14 14:07:44.354 INFO: TCP connection timeout.
2019-02-14 14:07:44.416 INFO: TCP connection timeout.
2019-02-14 14:07:44.616 INFO: TCP connection timeout.
2019-02-14 14:07:44.929 INFO: TCP connection timeout.
2019-02-14 14:07:45.244 INFO: TCP connection timeout.
2019-02-14 14:07:45.337 INFO: TCP connection timeout.
2019-02-14 14:07:45.369 INFO: TCP connection timeout.
2019-02-14 14:07:45.492 INFO: TCP connection timeout.
2019-02-14 14:07:46.149 INFO: TCP connection timeout.
2019-02-14 14:07:46.372 INFO: TCP connection timeout.
2019-02-14 14:07:46.679 INFO: TCP connection timeout.
2019-02-14 14:07:47.042 INFO: TCP connection timeout.
2019-02-14 14:07:47.260 INFO: TCP connection timeout.
2019-02-14 14:07:50.867 INFO: TCP connection timeout.
2019-02-14 14:07:54.370 INFO: TCP connection timeout.
2019-02-14 14:07:54.370 INFO: TCP connection timeout.
2019-02-14 14:07:54.370 INFO: TCP connection timeout.
2019-02-14 14:07:54.836 INFO: TCP connection timeout.
2019-02-14 14:07:54.836 INFO: TCP connection timeout.
2019-02-14 14:07:55.745 INFO: TCP connection timeout.
2019-02-14 14:07:55.745 INFO: TCP connection timeout.
2019-02-14 14:07:55.824 INFO: TCP connection timeout.
2019-02-14 14:07:56.229 INFO: TCP connection timeout.
2019-02-14 14:07:56.229 INFO: TCP connection timeout.
2019-02-14 14:07:56.290 INFO: TCP connection timeout.
2019-02-14 14:10:33.039 INFO: TCP connection timeout.
2019-02-14 14:10:36.194 INFO: TCP connection timeout.
2019-02-14 14:10:37.257 INFO: TCP connection timeout.
2019-02-14 14:10:37.573 INFO: TCP connection timeout.
2019-02-14 14:10:37.996 INFO: TCP connection timeout.
2019-02-14 14:10:38.365 INFO: TCP connection timeout.
2019-02-14 14:10:39.263 INFO: TCP connection timeout.
2019-02-14 14:12:01.086 INFO: TCP connection timeout.
2019-02-14 14:12:03.933 INFO: TCP connection timeout.
2019-02-14 14:12:04.804 INFO: TCP connection timeout.
2019-02-14 14:12:06.949 INFO: TCP connection timeout.
2019-02-14 14:12:07.481 INFO: TCP connection timeout.
2019-02-14 14:17:19.278 INFO: TCP connection timeout.
2019-02-14 14:17:38.603 INFO: TCP connection timeout.
2019-02-14 14:17:38.618 INFO: TCP connection timeout.
2019-02-14 14:17:38.618 INFO: TCP connection timeout.
2019-02-14 14:17:39.307 INFO: TCP connection timeout.
2019-02-14 14:17:39.307 INFO: TCP connection timeout.
2019-02-14 14:17:42.663 INFO: TCP connection timeout.
2019-02-14 14:17:43.544 INFO: TCP connection timeout.
2019-02-14 14:17:43.607 INFO: TCP connection timeout.
2019-02-14 14:17:43.743 INFO: TCP connection timeout.
2019-02-14 14:17:43.776 INFO: TCP connection timeout.
2019-02-14 14:17:43.776 INFO: TCP connection timeout.
2019-02-14 14:17:43.807 INFO: TCP connection timeout.
2019-02-14 14:17:43.837 INFO: TCP connection timeout.
2019-02-14 14:17:43.837 INFO: TCP connection timeout.
2019-02-14 14:17:43.869 INFO: TCP connection timeout.
2019-02-14 14:17:44.025 INFO: TCP connection timeout.
2019-02-14 14:17:44.085 INFO: TCP connection timeout.
2019-02-14 14:17:44.132 INFO: TCP connection timeout.
2019-02-14 14:17:44.132 INFO: TCP connection timeout.
2019-02-14 14:17:44.306 INFO: TCP connection timeout.
2019-02-14 14:17:44.354 INFO: TCP connection timeout.
2019-02-14 14:17:44.416 INFO: TCP connection timeout.
2019-02-14 14:17:44.631 INFO: TCP connection timeout.
2019-02-14 14:17:44.929 INFO: TCP connection timeout.
2019-02-14 14:17:45.244 INFO: TCP connection timeout.
2019-02-14 14:17:45.337 INFO: TCP connection timeout.
2019-02-14 14:17:45.367 INFO: TCP connection timeout.
2019-02-14 14:17:45.495 INFO: TCP connection timeout.
2019-02-14 14:17:46.148 INFO: TCP connection timeout.
2019-02-14 14:17:46.368 INFO: TCP connection timeout.
2019-02-14 14:17:46.681 INFO: TCP connection timeout.
2019-02-14 14:17:47.041 INFO: TCP connection timeout.
2019-02-14 14:17:47.256 INFO: TCP connection timeout.
2019-02-14 14:17:50.867 INFO: TCP connection timeout.
2019-02-14 14:17:54.372 INFO: TCP connection timeout.
2019-02-14 14:17:54.372 INFO: TCP connection timeout.
2019-02-14 14:17:54.372 INFO: TCP connection timeout.
2019-02-14 14:17:54.837 INFO: TCP connection timeout.
2019-02-14 14:17:54.837 INFO: TCP connection timeout.
2019-02-14 14:17:55.746 INFO: TCP connection timeout.
2019-02-14 14:17:55.746 INFO: TCP connection timeout.
2019-02-14 14:17:55.823 INFO: TCP connection timeout.
2019-02-14 14:17:56.231 INFO: TCP connection timeout.
2019-02-14 14:17:56.231 INFO: TCP connection timeout.
2019-02-14 14:17:56.294 INFO: TCP connection timeout.
2019-02-14 14:20:33.043 INFO: TCP connection timeout.
2019-02-14 14:20:36.196 INFO: TCP connection timeout.
2019-02-14 14:20:37.264 INFO: TCP connection timeout.
2019-02-14 14:20:37.569 INFO: TCP connection timeout.
2019-02-14 14:20:37.993 INFO: TCP connection timeout.
2019-02-14 14:20:38.377 INFO: TCP connection timeout.
2019-02-14 14:20:39.258 INFO: TCP connection timeout.
2019-02-14 14:22:01.090 INFO: TCP connection timeout.
2019-02-14 14:22:03.932 INFO: TCP connection timeout.
2019-02-14 14:22:04.807 INFO: TCP connection timeout.
2019-02-14 14:22:06.947 INFO: TCP connection timeout.
2019-02-14 14:22:07.477 INFO: TCP connection timeout.
2019-02-14 14:27:19.276 INFO: TCP connection timeout.
2019-02-14 14:27:38.601 INFO: TCP connection timeout.
2019-02-14 14:27:38.616 INFO: TCP connection timeout.
2019-02-14 14:27:38.616 INFO: TCP connection timeout.
2019-02-14 14:27:39.304 INFO: TCP connection timeout.
2019-02-14 14:27:39.304 INFO: TCP connection timeout.
2019-02-14 14:27:42.668 INFO: TCP connection timeout.
2019-02-14 14:27:43.539 INFO: TCP connection timeout.
2019-02-14 14:27:43.605 INFO: TCP connection timeout.
2019-02-14 14:27:43.745 INFO: TCP connection timeout.
2019-02-14 14:27:43.778 INFO: TCP connection timeout.
2019-02-14 14:27:43.778 INFO: TCP connection timeout.
2019-02-14 14:27:43.809 INFO: TCP connection timeout.
2019-02-14 14:27:43.838 INFO: TCP connection timeout.
2019-02-14 14:27:43.838 INFO: TCP connection timeout.
2019-02-14 14:27:43.870 INFO: TCP connection timeout.
2019-02-14 14:27:44.025 INFO: TCP connection timeout.
2019-02-14 14:27:44.086 INFO: TCP connection timeout.
2019-02-14 14:27:44.133 INFO: TCP connection timeout.
2019-02-14 14:27:44.133 INFO: TCP connection timeout.
2019-02-14 14:27:44.309 INFO: TCP connection timeout.
2019-02-14 14:27:44.357 INFO: TCP connection timeout.
2019-02-14 14:27:44.416 INFO: TCP connection timeout.
2019-02-14 14:27:44.633 INFO: TCP connection timeout.
2019-02-14 14:27:44.929 INFO: TCP connection timeout.
2019-02-14 14:27:45.242 INFO: TCP connection timeout.
2019-02-14 14:27:45.337 INFO: TCP connection timeout.
2019-02-14 14:27:45.366 INFO: TCP connection timeout.
2019-02-14 14:27:45.497 INFO: TCP connection timeout.
2019-02-14 14:27:46.147 INFO: TCP connection timeout.
2019-02-14 14:27:46.367 INFO: TCP connection timeout.
2019-02-14 14:27:46.681 INFO: TCP connection timeout.
2019-02-14 14:27:47.041 INFO: TCP connection timeout.
2019-02-14 14:27:47.258 INFO: TCP connection timeout.
2019-02-14 14:27:50.873 INFO: TCP connection timeout.
2019-02-14 14:27:54.368 INFO: TCP connection timeout.
2019-02-14 14:27:54.368 INFO: TCP connection timeout.
2019-02-14 14:27:54.368 INFO: TCP connection timeout.
2019-02-14 14:27:54.836 INFO: TCP connection timeout.
2019-02-14 14:27:54.836 INFO: TCP connection timeout.
2019-02-14 14:27:55.743 INFO: TCP connection timeout.
2019-02-14 14:27:55.743 INFO: TCP connection timeout.
2019-02-14 14:27:55.822 INFO: TCP connection timeout.
2019-02-14 14:27:56.230 INFO: TCP connection timeout.
2019-02-14 14:27:56.230 INFO: TCP connection timeout.
2019-02-14 14:27:56.290 INFO: TCP connection timeout.
2019-02-14 14:30:33.039 INFO: TCP connection timeout.
2019-02-14 14:30:36.201 INFO: TCP connection timeout.
2019-02-14 14:30:37.278 INFO: TCP connection timeout.
2019-02-14 14:30:37.575 INFO: TCP connection timeout.
2019-02-14 14:30:37.997 INFO: TCP connection timeout.
2019-02-14 14:30:38.384 INFO: TCP connection timeout.
2019-02-14 14:30:39.278 INFO: TCP connection timeout.
2019-02-14 14:32:01.086 INFO: TCP connection timeout.
2019-02-14 14:32:03.939 INFO: TCP connection timeout.
2019-02-14 14:32:04.805 INFO: TCP connection timeout.
2019-02-14 14:32:06.951 INFO: TCP connection timeout.
2019-02-14 14:32:07.496 INFO: TCP connection timeout.
2019-02-14 14:37:19.276 INFO: TCP connection timeout.
2019-02-14 14:37:38.605 INFO: TCP connection timeout.
2019-02-14 14:37:38.621 INFO: TCP connection timeout.
2019-02-14 14:37:38.621 INFO: TCP connection timeout.
2019-02-14 14:37:39.308 INFO: TCP connection timeout.
2019-02-14 14:37:39.308 INFO: TCP connection timeout.
2019-02-14 14:37:42.663 INFO: TCP connection timeout.
2019-02-14 14:37:43.541 INFO: TCP connection timeout.
2019-02-14 14:37:43.602 INFO: TCP connection timeout.
2019-02-14 14:37:43.746 INFO: TCP connection timeout.
2019-02-14 14:37:43.778 INFO: TCP connection timeout.
2019-02-14 14:37:43.778 INFO: TCP connection timeout.
2019-02-14 14:37:43.806 INFO: TCP connection timeout.
2019-02-14 14:37:43.838 INFO: TCP connection timeout.
2019-02-14 14:37:43.838 INFO: TCP connection timeout.
2019-02-14 14:37:43.869 INFO: TCP connection timeout.
2019-02-14 14:37:44.029 INFO: TCP connection timeout.
2019-02-14 14:37:44.092 INFO: TCP connection timeout.
2019-02-14 14:37:44.137 INFO: TCP connection timeout.
2019-02-14 14:37:44.137 INFO: TCP connection timeout.
2019-02-14 14:37:44.308 INFO: TCP connection timeout.
2019-02-14 14:37:44.355 INFO: TCP connection timeout.
2019-02-14 14:37:44.418 INFO: TCP connection timeout.
2019-02-14 14:37:44.631 INFO: TCP connection timeout.
2019-02-14 14:37:44.936 INFO: TCP connection timeout.
2019-02-14 14:37:45.243 INFO: TCP connection timeout.
2019-02-14 14:37:45.335 INFO: TCP connection timeout.
2019-02-14 14:37:45.367 INFO: TCP connection timeout.
2019-02-14 14:37:45.495 INFO: TCP connection timeout.
2019-02-14 14:37:46.148 INFO: TCP connection timeout.
2019-02-14 14:37:46.368 INFO: TCP connection timeout.
2019-02-14 14:37:46.681 INFO: TCP connection timeout.
2019-02-14 14:37:47.042 INFO: TCP connection timeout.
2019-02-14 14:37:47.262 INFO: TCP connection timeout.
2019-02-14 14:37:50.869 INFO: TCP connection timeout.
2019-02-14 14:37:54.367 INFO: TCP connection timeout.
2019-02-14 14:37:54.367 INFO: TCP connection timeout.
2019-02-14 14:37:54.367 INFO: TCP connection timeout.
2019-02-14 14:37:54.840 INFO: TCP connection timeout.
2019-02-14 14:37:54.840 INFO: TCP connection timeout.
2019-02-14 14:37:55.743 INFO: TCP connection timeout.
2019-02-14 14:37:55.743 INFO: TCP connection timeout.
2019-02-14 14:37:55.820 INFO: TCP connection timeout.
2019-02-14 14:37:56.226 INFO: TCP connection timeout.
2019-02-14 14:37:56.226 INFO: TCP connection timeout.
2019-02-14 14:37:56.288 INFO: TCP connection timeout.
2019-02-14 14:40:33.040 INFO: TCP connection timeout.
2019-02-14 14:40:36.198 INFO: TCP connection timeout.
2019-02-14 14:40:37.282 INFO: TCP connection timeout.
2019-02-14 14:40:37.572 INFO: TCP connection timeout.
2019-02-14 14:40:37.993 INFO: TCP connection timeout.
2019-02-14 14:40:38.397 INFO: TCP connection timeout.
2019-02-14 14:40:39.284 INFO: TCP connection timeout.
2019-02-14 14:42:01.088 INFO: TCP connection timeout.
2019-02-14 14:42:03.934 INFO: TCP connection timeout.
2019-02-14 14:42:04.808 INFO: TCP connection timeout.
2019-02-14 14:42:06.944 INFO: TCP connection timeout.
2019-02-14 14:42:07.492 INFO: TCP connection timeout.
2019-02-14 14:47:19.287 INFO: TCP connection timeout.
2019-02-14 14:47:38.601 INFO: TCP connection timeout.
2019-02-14 14:47:38.616 INFO: TCP connection timeout.
2019-02-14 14:47:38.616 INFO: TCP connection timeout.
2019-02-14 14:47:39.322 INFO: TCP connection timeout.
2019-02-14 14:47:39.322 INFO: TCP connection timeout.
2019-02-14 14:47:42.663 INFO: TCP connection timeout.
2019-02-14 14:47:43.546 INFO: TCP connection timeout.
2019-02-14 14:47:43.624 INFO: TCP connection timeout.
2019-02-14 14:47:43.749 INFO: TCP connection timeout.
2019-02-14 14:47:43.796 INFO: TCP connection timeout.
2019-02-14 14:47:43.796 INFO: TCP connection timeout.
2019-02-14 14:47:43.827 INFO: TCP connection timeout.
2019-02-14 14:47:43.858 INFO: TCP connection timeout.
2019-02-14 14:47:43.858 INFO: TCP connection timeout.
2019-02-14 14:47:43.874 INFO: TCP connection timeout.
2019-02-14 14:47:44.034 INFO: TCP connection timeout.
2019-02-14 14:47:44.087 INFO: TCP connection timeout.
2019-02-14 14:47:44.135 INFO: TCP connection timeout.
2019-02-14 14:47:44.135 INFO: TCP connection timeout.
2019-02-14 14:47:44.305 INFO: TCP connection timeout.
2019-02-14 14:47:44.364 INFO: TCP connection timeout.
2019-02-14 14:47:44.429 INFO: TCP connection timeout.
2019-02-14 14:47:44.648 INFO: TCP connection timeout.
2019-02-14 14:47:44.945 INFO: TCP connection timeout.
2019-02-14 14:47:45.255 INFO: TCP connection timeout.
2019-02-14 14:47:45.339 INFO: TCP connection timeout.
2019-02-14 14:47:45.374 INFO: TCP connection timeout.
2019-02-14 14:47:45.499 INFO: TCP connection timeout.
2019-02-14 14:47:46.152 INFO: TCP connection timeout.
2019-02-14 14:47:46.381 INFO: TCP connection timeout.
2019-02-14 14:47:46.679 INFO: TCP connection timeout.
2019-02-14 14:47:47.039 INFO: TCP connection timeout.
2019-02-14 14:47:47.265 INFO: TCP connection timeout.
2019-02-14 14:47:50.876 INFO: TCP connection timeout.
2019-02-14 14:47:54.382 INFO: TCP connection timeout.
2019-02-14 14:47:54.382 INFO: TCP connection timeout.
2019-02-14 14:47:54.382 INFO: TCP connection timeout.
2019-02-14 14:47:54.835 INFO: TCP connection timeout.
2019-02-14 14:47:54.835 INFO: TCP connection timeout.
2019-02-14 14:47:55.749 INFO: TCP connection timeout.
2019-02-14 14:47:55.749 INFO: TCP connection timeout.
2019-02-14 14:47:55.827 INFO: TCP connection timeout.
2019-02-14 14:47:56.229 INFO: TCP connection timeout.
2019-02-14 14:47:56.229 INFO: TCP connection timeout.
2019-02-14 14:47:56.289 INFO: TCP connection timeout.
2019-02-14 14:50:33.039 INFO: TCP connection timeout.
2019-02-14 14:50:36.205 INFO: TCP connection timeout.
2019-02-14 14:50:37.283 INFO: TCP connection timeout.
2019-02-14 14:50:37.573 INFO: TCP connection timeout.
2019-02-14 14:50:37.995 INFO: TCP connection timeout.
2019-02-14 14:50:38.414 INFO: TCP connection timeout.
2019-02-14 14:50:39.299 INFO: TCP connection timeout.
2019-02-14 14:52:01.090 INFO: TCP connection timeout.
2019-02-14 14:52:03.935 INFO: TCP connection timeout.
2019-02-14 14:52:04.805 INFO: TCP connection timeout.
2019-02-14 14:52:06.943 INFO: TCP connection timeout.
2019-02-14 14:52:07.496 INFO: TCP connection timeout.
2019-02-14 14:57:19.314 INFO: TCP connection timeout.
2019-02-14 14:57:38.601 INFO: TCP connection timeout.
2019-02-14 14:57:38.617 INFO: TCP connection timeout.
2019-02-14 14:57:38.617 INFO: TCP connection timeout.
2019-02-14 14:57:39.320 INFO: TCP connection timeout.
2019-02-14 14:57:39.320 INFO: TCP connection timeout.
2019-02-14 14:57:42.666 INFO: TCP connection timeout.
2019-02-14 14:57:43.539 INFO: TCP connection timeout.
2019-02-14 14:57:43.617 INFO: TCP connection timeout.
2019-02-14 14:57:43.745 INFO: TCP connection timeout.
2019-02-14 14:57:43.792 INFO: TCP connection timeout.
2019-02-14 14:57:43.792 INFO: TCP connection timeout.
2019-02-14 14:57:43.823 INFO: TCP connection timeout.
2019-02-14 14:57:43.852 INFO: TCP connection timeout.
2019-02-14 14:57:43.852 INFO: TCP connection timeout.
2019-02-14 14:57:43.867 INFO: TCP connection timeout.
2019-02-14 14:57:44.024 INFO: TCP connection timeout.
2019-02-14 14:57:44.092 INFO: TCP connection timeout.
2019-02-14 14:57:44.140 INFO: TCP connection timeout.
2019-02-14 14:57:44.140 INFO: TCP connection timeout.
2019-02-14 14:57:44.308 INFO: TCP connection timeout.
2019-02-14 14:57:44.355 INFO: TCP connection timeout.
2019-02-14 14:57:44.431 INFO: TCP connection timeout.
2019-02-14 14:57:44.648 INFO: TCP connection timeout.
2019-02-14 14:57:44.945 INFO: TCP connection timeout.
2019-02-14 14:57:45.246 INFO: TCP connection timeout.
2019-02-14 14:57:45.338 INFO: TCP connection timeout.
2019-02-14 14:57:45.370 INFO: TCP connection timeout.
2019-02-14 14:57:45.494 INFO: TCP connection timeout.
2019-02-14 14:57:46.151 INFO: TCP connection timeout.
2019-02-14 14:57:46.384 INFO: TCP connection timeout.
2019-02-14 14:57:46.685 INFO: TCP connection timeout.
2019-02-14 14:57:47.038 INFO: TCP connection timeout.
2019-02-14 14:57:47.263 INFO: TCP connection timeout.
2019-02-14 14:57:50.871 INFO: TCP connection timeout.
2019-02-14 14:57:54.387 INFO: TCP connection timeout.
2019-02-14 14:57:54.387 INFO: TCP connection timeout.
2019-02-14 14:57:54.387 INFO: TCP connection timeout.
2019-02-14 14:57:54.839 INFO: TCP connection timeout.
2019-02-14 14:57:54.839 INFO: TCP connection timeout.
2019-02-14 14:57:55.747 INFO: TCP connection timeout.
2019-02-14 14:57:55.747 INFO: TCP connection timeout.
2019-02-14 14:57:55.822 INFO: TCP connection timeout.
2019-02-14 14:57:56.228 INFO: TCP connection timeout.
2019-02-14 14:57:56.228 INFO: TCP connection timeout.
2019-02-14 14:57:56.290 INFO: TCP connection timeout.
2019-02-14 15:00:33.042 INFO: TCP connection timeout.
2019-02-14 15:00:36.197 INFO: TCP connection timeout.
2019-02-14 15:00:37.276 INFO: TCP connection timeout.
2019-02-14 15:00:37.569 INFO: TCP connection timeout.
2019-02-14 15:00:37.992 INFO: TCP connection timeout.
2019-02-14 15:00:38.418 INFO: TCP connection timeout.
2019-02-14 15:00:39.293 INFO: TCP connection timeout.
2019-02-14 15:02:01.085 INFO: TCP connection timeout.
2019-02-14 15:02:03.938 INFO: TCP connection timeout.
2019-02-14 15:02:04.814 INFO: TCP connection timeout.
2019-02-14 15:02:06.947 INFO: TCP connection timeout.
2019-02-14 15:02:07.509 INFO: TCP connection timeout.
2019-02-14 15:07:19.314 INFO: TCP connection timeout.
2019-02-14 15:07:38.630 INFO: TCP connection timeout.
2019-02-14 15:07:38.630 INFO: TCP connection timeout.
2019-02-14 15:07:38.630 INFO: TCP connection timeout.
2019-02-14 15:07:39.322 INFO: TCP connection timeout.
2019-02-14 15:07:39.322 INFO: TCP connection timeout.
2019-02-14 15:07:42.662 INFO: TCP connection timeout.
2019-02-14 15:07:43.547 INFO: TCP connection timeout.
2019-02-14 15:07:43.634 INFO: TCP connection timeout.
2019-02-14 15:07:43.751 INFO: TCP connection timeout.
2019-02-14 15:07:43.790 INFO: TCP connection timeout.
2019-02-14 15:07:43.790 INFO: TCP connection timeout.
2019-02-14 15:07:43.821 INFO: TCP connection timeout.
2019-02-14 15:07:43.854 INFO: TCP connection timeout.
2019-02-14 15:07:43.854 INFO: TCP connection timeout.
2019-02-14 15:07:43.867 INFO: TCP connection timeout.
2019-02-14 15:07:44.036 INFO: TCP connection timeout.
2019-02-14 15:07:44.104 INFO: TCP connection timeout.
2019-02-14 15:07:44.135 INFO: TCP connection timeout.
2019-02-14 15:07:44.135 INFO: TCP connection timeout.
2019-02-14 15:07:44.306 INFO: TCP connection timeout.
2019-02-14 15:07:44.352 INFO: TCP connection timeout.
2019-02-14 15:07:44.432 INFO: TCP connection timeout.
2019-02-14 15:07:44.653 INFO: TCP connection timeout.
2019-02-14 15:07:44.951 INFO: TCP connection timeout.
2019-02-14 15:07:45.245 INFO: TCP connection timeout.
2019-02-14 15:07:45.338 INFO: TCP connection timeout.
2019-02-14 15:07:45.379 INFO: TCP connection timeout.
2019-02-14 15:07:45.496 INFO: TCP connection timeout.
2019-02-14 15:07:46.151 INFO: TCP connection timeout.
2019-02-14 15:07:46.398 INFO: TCP connection timeout.
2019-02-14 15:07:46.684 INFO: TCP connection timeout.
2019-02-14 15:07:47.039 INFO: TCP connection timeout.
2019-02-14 15:07:47.263 INFO: TCP connection timeout.
2019-02-14 15:07:50.867 INFO: TCP connection timeout.
2019-02-14 15:07:54.388 INFO: TCP connection timeout.
2019-02-14 15:07:54.388 INFO: TCP connection timeout.
2019-02-14 15:07:54.388 INFO: TCP connection timeout.
2019-02-14 15:07:54.839 INFO: TCP connection timeout.
2019-02-14 15:07:54.839 INFO: TCP connection timeout.
2019-02-14 15:07:55.743 INFO: TCP connection timeout.
2019-02-14 15:07:55.743 INFO: TCP connection timeout.
2019-02-14 15:07:55.821 INFO: TCP connection timeout.
2019-02-14 15:07:56.228 INFO: TCP connection timeout.
2019-02-14 15:07:56.228 INFO: TCP connection timeout.
2019-02-14 15:07:56.289 INFO: TCP connection timeout.
2019-02-14 15:10:33.042 INFO: TCP connection timeout.
2019-02-14 15:10:36.194 INFO: TCP connection timeout.
2019-02-14 15:10:37.273 INFO: TCP connection timeout.
2019-02-14 15:10:37.569 INFO: TCP connection timeout.
2019-02-14 15:10:37.994 INFO: TCP connection timeout.
2019-02-14 15:10:38.414 INFO: TCP connection timeout.
2019-02-14 15:10:39.293 INFO: TCP connection timeout.
2019-02-14 15:12:01.085 INFO: TCP connection timeout.
2019-02-14 15:12:03.944 INFO: TCP connection timeout.
2019-02-14 15:12:04.816 INFO: TCP connection timeout.
2019-02-14 15:12:06.944 INFO: TCP connection timeout.
2019-02-14 15:12:07.536 INFO: TCP connection timeout.
2019-02-14 15:17:19.306 INFO: TCP connection timeout.
2019-02-14 15:17:38.616 INFO: TCP connection timeout.
2019-02-14 15:17:38.616 INFO: TCP connection timeout.
2019-02-14 15:17:38.616 INFO: TCP connection timeout.
2019-02-14 15:17:39.320 INFO: TCP connection timeout.
2019-02-14 15:17:39.320 INFO: TCP connection timeout.
2019-02-14 15:17:42.666 INFO: TCP connection timeout.
2019-02-14 15:17:43.544 INFO: TCP connection timeout.
2019-02-14 15:17:43.636 INFO: TCP connection timeout.
2019-02-14 15:17:43.743 INFO: TCP connection timeout.
2019-02-14 15:17:43.788 INFO: TCP connection timeout.
2019-02-14 15:17:43.788 INFO: TCP connection timeout.
2019-02-14 15:17:43.819 INFO: TCP connection timeout.
2019-02-14 15:17:43.851 INFO: TCP connection timeout.
2019-02-14 15:17:43.851 INFO: TCP connection timeout.
2019-02-14 15:17:43.867 INFO: TCP connection timeout.
2019-02-14 15:17:44.027 INFO: TCP connection timeout.
2019-02-14 15:17:44.102 INFO: TCP connection timeout.
2019-02-14 15:17:44.134 INFO: TCP connection timeout.
2019-02-14 15:17:44.134 INFO: TCP connection timeout.
2019-02-14 15:17:44.307 INFO: TCP connection timeout.
2019-02-14 15:17:44.353 INFO: TCP connection timeout.
2019-02-14 15:17:44.429 INFO: TCP connection timeout.
2019-02-14 15:17:44.650 INFO: TCP connection timeout.
2019-02-14 15:17:44.949 INFO: TCP connection timeout.
2019-02-14 15:17:45.246 INFO: TCP connection timeout.
2019-02-14 15:17:45.338 INFO: TCP connection timeout.
2019-02-14 15:17:45.369 INFO: TCP connection timeout.
2019-02-14 15:17:45.491 INFO: TCP connection timeout.
2019-02-14 15:17:46.149 INFO: TCP connection timeout.
2019-02-14 15:17:46.398 INFO: TCP connection timeout.
2019-02-14 15:17:46.684 INFO: TCP connection timeout.
2019-02-14 15:17:47.044 INFO: TCP connection timeout.
2019-02-14 15:17:47.259 INFO: TCP connection timeout.
2019-02-14 15:17:50.869 INFO: TCP connection timeout.
2019-02-14 15:17:54.384 INFO: TCP connection timeout.
2019-02-14 15:17:54.384 INFO: TCP connection timeout.
2019-02-14 15:17:54.384 INFO: TCP connection timeout.
2019-02-14 15:17:54.837 INFO: TCP connection timeout.
2019-02-14 15:17:54.837 INFO: TCP connection timeout.
2019-02-14 15:17:55.747 INFO: TCP connection timeout.
2019-02-14 15:17:55.747 INFO: TCP connection timeout.
2019-02-14 15:17:55.823 INFO: TCP connection timeout.
2019-02-14 15:17:56.229 INFO: TCP connection timeout.
2019-02-14 15:17:56.229 INFO: TCP connection timeout.
2019-02-14 15:17:56.289 INFO: TCP connection timeout.
2019-02-14 15:20:33.041 INFO: TCP connection timeout.
2019-02-14 15:20:36.195 INFO: TCP connection timeout.
2019-02-14 15:20:37.278 INFO: TCP connection timeout.
2019-02-14 15:20:37.574 INFO: TCP connection timeout.
2019-02-14 15:20:37.996 INFO: TCP connection timeout.
2019-02-14 15:20:38.413 INFO: TCP connection timeout.
2019-02-14 15:20:39.292 INFO: TCP connection timeout.
2019-02-14 15:22:01.088 INFO: TCP connection timeout.
2019-02-14 15:22:03.944 INFO: TCP connection timeout.
2019-02-14 15:22:04.808 INFO: TCP connection timeout.
2019-02-14 15:22:06.948 INFO: TCP connection timeout.
2019-02-14 15:22:07.524 INFO: TCP connection timeout.
2019-02-14 15:27:19.306 INFO: TCP connection timeout.
2019-02-14 15:27:38.634 INFO: TCP connection timeout.
2019-02-14 15:27:38.634 INFO: TCP connection timeout.
2019-02-14 15:27:38.634 INFO: TCP connection timeout.
2019-02-14 15:27:39.333 INFO: TCP connection timeout.
2019-02-14 15:27:39.333 INFO: TCP connection timeout.
2019-02-14 15:27:42.688 INFO: TCP connection timeout.
2019-02-14 15:27:43.548 INFO: TCP connection timeout.
2019-02-14 15:27:43.659 INFO: TCP connection timeout.
2019-02-14 15:27:43.753 INFO: TCP connection timeout.
2019-02-14 15:27:43.800 INFO: TCP connection timeout.
2019-02-14 15:27:43.800 INFO: TCP connection timeout.
2019-02-14 15:27:43.831 INFO: TCP connection timeout.
2019-02-14 15:27:43.878 INFO: TCP connection timeout.
2019-02-14 15:27:43.878 INFO: TCP connection timeout.
2019-02-14 15:27:43.878 INFO: TCP connection timeout.
2019-02-14 15:27:44.027 INFO: TCP connection timeout.
2019-02-14 15:27:44.108 INFO: TCP connection timeout.
2019-02-14 15:27:44.140 INFO: TCP connection timeout.
2019-02-14 15:27:44.140 INFO: TCP connection timeout.
2019-02-14 15:27:44.311 INFO: TCP connection timeout.
2019-02-14 15:27:44.352 INFO: TCP connection timeout.
2019-02-14 15:27:44.430 INFO: TCP connection timeout.
2019-02-14 15:27:44.672 INFO: TCP connection timeout.
2019-02-14 15:27:44.945 INFO: TCP connection timeout.
2019-02-14 15:27:45.246 INFO: TCP connection timeout.
2019-02-14 15:27:45.346 INFO: TCP connection timeout.
2019-02-14 15:27:45.382 INFO: TCP connection timeout.
2019-02-14 15:27:45.501 INFO: TCP connection timeout.
2019-02-14 15:27:46.163 INFO: TCP connection timeout.
2019-02-14 15:27:46.414 INFO: TCP connection timeout.
2019-02-14 15:27:46.703 INFO: TCP connection timeout.
2019-02-14 15:27:47.047 INFO: TCP connection timeout.
2019-02-14 15:27:47.261 INFO: TCP connection timeout.
2019-02-14 15:27:50.876 INFO: TCP connection timeout.
2019-02-14 15:27:54.399 INFO: TCP connection timeout.
2019-02-14 15:27:54.399 INFO: TCP connection timeout.
2019-02-14 15:27:54.399 INFO: TCP connection timeout.
2019-02-14 15:27:54.845 INFO: TCP connection timeout.
2019-02-14 15:27:54.845 INFO: TCP connection timeout.
2019-02-14 15:27:55.760 INFO: TCP connection timeout.
2019-02-14 15:27:55.760 INFO: TCP connection timeout.
2019-02-14 15:27:55.823 INFO: TCP connection timeout.
2019-02-14 15:27:56.232 INFO: TCP connection timeout.
2019-02-14 15:27:56.232 INFO: TCP connection timeout.
2019-02-14 15:27:56.292 INFO: TCP connection timeout.
2019-02-14 15:30:33.038 INFO: TCP connection timeout.
2019-02-14 15:30:36.197 INFO: TCP connection timeout.
2019-02-14 15:30:37.276 INFO: TCP connection timeout.
2019-02-14 15:30:37.574 INFO: TCP connection timeout.
2019-02-14 15:30:37.995 INFO: TCP connection timeout.
2019-02-14 15:30:38.420 INFO: TCP connection timeout.
2019-02-14 15:30:39.293 INFO: TCP connection timeout.
2019-02-14 15:32:01.089 INFO: TCP connection timeout.
2019-02-14 15:32:03.944 INFO: TCP connection timeout.
2019-02-14 15:32:04.825 INFO: TCP connection timeout.
2019-02-14 15:32:06.947 INFO: TCP connection timeout.
2019-02-14 15:32:07.541 INFO: TCP connection timeout.
2019-02-14 15:37:19.305 INFO: TCP connection timeout.
2019-02-14 15:37:38.635 INFO: TCP connection timeout.
2019-02-14 15:37:38.635 INFO: TCP connection timeout.
2019-02-14 15:37:38.635 INFO: TCP connection timeout.
2019-02-14 15:37:39.322 INFO: TCP connection timeout.
2019-02-14 15:37:39.322 INFO: TCP connection timeout.
2019-02-14 15:37:42.697 INFO: TCP connection timeout.
2019-02-14 15:37:43.539 INFO: TCP connection timeout.
2019-02-14 15:37:43.671 INFO: TCP connection timeout.
2019-02-14 15:37:43.749 INFO: TCP connection timeout.
2019-02-14 15:37:43.812 INFO: TCP connection timeout.
2019-02-14 15:37:43.812 INFO: TCP connection timeout.
2019-02-14 15:37:43.827 INFO: TCP connection timeout.
2019-02-14 15:37:43.874 INFO: TCP connection timeout.
2019-02-14 15:37:43.874 INFO: TCP connection timeout.
2019-02-14 15:37:43.874 INFO: TCP connection timeout.
2019-02-14 15:37:44.042 INFO: TCP connection timeout.
2019-02-14 15:37:44.108 INFO: TCP connection timeout.
2019-02-14 15:37:44.140 INFO: TCP connection timeout.
2019-02-14 15:37:44.140 INFO: TCP connection timeout.
2019-02-14 15:37:44.322 INFO: TCP connection timeout.
2019-02-14 15:37:44.369 INFO: TCP connection timeout.
2019-02-14 15:37:44.431 INFO: TCP connection timeout.
2019-02-14 15:37:44.681 INFO: TCP connection timeout.
2019-02-14 15:37:44.947 INFO: TCP connection timeout.
2019-02-14 15:37:45.248 INFO: TCP connection timeout.
2019-02-14 15:37:45.341 INFO: TCP connection timeout.
2019-02-14 15:37:45.388 INFO: TCP connection timeout.
2019-02-14 15:37:45.492 INFO: TCP connection timeout.
2019-02-14 15:37:46.175 INFO: TCP connection timeout.
2019-02-14 15:37:46.415 INFO: TCP connection timeout.
2019-02-14 15:37:46.697 INFO: TCP connection timeout.
2019-02-14 15:37:47.038 INFO: TCP connection timeout.
2019-02-14 15:37:47.258 INFO: TCP connection timeout.
2019-02-14 15:37:50.884 INFO: TCP connection timeout.
2019-02-14 15:37:54.415 INFO: TCP connection timeout.
2019-02-14 15:37:54.415 INFO: TCP connection timeout.
2019-02-14 15:37:54.415 INFO: TCP connection timeout.
2019-02-14 15:37:54.843 INFO: TCP connection timeout.
2019-02-14 15:37:54.843 INFO: TCP connection timeout.
2019-02-14 15:37:55.782 INFO: TCP connection timeout.
2019-02-14 15:37:55.782 INFO: TCP connection timeout.
2019-02-14 15:37:55.829 INFO: TCP connection timeout.
2019-02-14 15:37:56.238 INFO: TCP connection timeout.
2019-02-14 15:37:56.238 INFO: TCP connection timeout.
2019-02-14 15:37:56.291 INFO: TCP connection timeout.
2019-02-14 15:40:33.040 INFO: TCP connection timeout.
2019-02-14 15:40:36.199 INFO: TCP connection timeout.
2019-02-14 15:40:37.275 INFO: TCP connection timeout.
2019-02-14 15:40:37.572 INFO: TCP connection timeout.
2019-02-14 15:40:37.993 INFO: TCP connection timeout.
2019-02-14 15:40:38.432 INFO: TCP connection timeout.
2019-02-14 15:40:39.302 INFO: TCP connection timeout.
2019-02-14 15:42:01.106 INFO: TCP connection timeout.
2019-02-14 15:42:03.947 INFO: TCP connection timeout.
2019-02-14 15:42:04.823 INFO: TCP connection timeout.
2019-02-14 15:42:06.946 INFO: TCP connection timeout.
2019-02-14 15:42:07.557 INFO: TCP connection timeout.
2019-02-14 15:47:19.332 INFO: TCP connection timeout.
2019-02-14 15:47:38.650 INFO: TCP connection timeout.
2019-02-14 15:47:38.650 INFO: TCP connection timeout.
2019-02-14 15:47:38.650 INFO: TCP connection timeout.
2019-02-14 15:47:39.332 INFO: TCP connection timeout.
2019-02-14 15:47:39.332 INFO: TCP connection timeout.
2019-02-14 15:47:42.697 INFO: TCP connection timeout.
2019-02-14 15:47:43.566 INFO: TCP connection timeout.
2019-02-14 15:47:43.675 INFO: TCP connection timeout.
2019-02-14 15:47:43.753 INFO: TCP connection timeout.
2019-02-14 15:47:43.816 INFO: TCP connection timeout.
2019-02-14 15:47:43.816 INFO: TCP connection timeout.
2019-02-14 15:47:43.831 INFO: TCP connection timeout.
2019-02-14 15:47:43.894 INFO: TCP connection timeout.
2019-02-14 15:47:43.894 INFO: TCP connection timeout.
2019-02-14 15:47:43.894 INFO: TCP connection timeout.
2019-02-14 15:47:44.051 INFO: TCP connection timeout.
2019-02-14 15:47:44.111 INFO: TCP connection timeout.
2019-02-14 15:47:44.142 INFO: TCP connection timeout.
2019-02-14 15:47:44.142 INFO: TCP connection timeout.
2019-02-14 15:47:44.319 INFO: TCP connection timeout.
2019-02-14 15:47:44.367 INFO: TCP connection timeout.
2019-02-14 15:47:44.432 INFO: TCP connection timeout.
2019-02-14 15:47:44.682 INFO: TCP connection timeout.
2019-02-14 15:47:44.948 INFO: TCP connection timeout.
2019-02-14 15:47:45.248 INFO: TCP connection timeout.
2019-02-14 15:47:45.347 INFO: TCP connection timeout.
2019-02-14 15:47:45.410 INFO: TCP connection timeout.
2019-02-14 15:47:45.504 INFO: TCP connection timeout.
2019-02-14 15:47:46.168 INFO: TCP connection timeout.
2019-02-14 15:47:46.416 INFO: TCP connection timeout.
2019-02-14 15:47:46.697 INFO: TCP connection timeout.
2019-02-14 15:47:47.042 INFO: TCP connection timeout.
2019-02-14 15:47:47.259 INFO: TCP connection timeout.
2019-02-14 15:47:50.884 INFO: TCP connection timeout.
2019-02-14 15:47:54.416 INFO: TCP connection timeout.
2019-02-14 15:47:54.416 INFO: TCP connection timeout.
2019-02-14 15:47:54.416 INFO: TCP connection timeout.
2019-02-14 15:47:54.853 INFO: TCP connection timeout.
2019-02-14 15:47:54.853 INFO: TCP connection timeout.
2019-02-14 15:47:55.801 INFO: TCP connection timeout.
2019-02-14 15:47:55.801 INFO: TCP connection timeout.
2019-02-14 15:47:55.832 INFO: TCP connection timeout.
2019-02-14 15:47:56.231 INFO: TCP connection timeout.
2019-02-14 15:47:56.231 INFO: TCP connection timeout.
2019-02-14 15:47:56.290 INFO: TCP connection timeout.
