2019-02-17 22:26:36,967 DEBUG - Starting ServiceWrapper in the CLI mode
2019-02-17 22:26:37,369 INFO  - Installing the service with id 'ssserver'
2019-02-17 22:26:37,391 DEBUG - Completed. Exit code is 0
2019-02-17 22:27:06,215 DEBUG - Starting ServiceWrapper in the CLI mode
2019-02-17 22:27:06,625 INFO  - Installing the service with id 'ssserver'
2019-02-17 22:27:06,632 FATAL - Unhandled exception
System.Exception: Installation failure: Service with id 'ssserver' already exists
   在 winsw.WrapperService.Run(String[] _args, ServiceDescriptor descriptor)
   在 winsw.WrapperService.Main(String[] args)
2019-02-17 22:27:11,314 DEBUG - Starting ServiceWrapper in the CLI mode
2019-02-17 22:27:11,721 INFO  - Starting the service with id 'ssserver'
2019-02-17 22:27:11,858 INFO  - Starting ServiceWrapper in the service mode
2019-02-17 22:27:11,882 DEBUG - Completed. Exit code is 0
2019-02-17 22:27:11,891 INFO  - Starting shadowsocks-libqss -c config.json -S
2019-02-17 22:27:11,897 INFO  - Starting shadowsocks-libqss -c config.json -S
2019-02-17 22:27:11,916 INFO  - Started process 37324
2019-02-17 22:27:11,930 DEBUG - Forwarding logs of the process System.Diagnostics.Process (shadowsocks-libqss) to winsw.SizeBasedRollingLogAppender
2019-02-18 17:40:29,187 INFO  - Stopping ssserver
2019-02-18 17:40:29,187 DEBUG - ProcessKill 37324
2019-02-18 17:40:29,265 WARN  - Failed to locate children of the process with PID=37324. Child processes won't be terminated
System.Runtime.InteropServices.COMException (0x8007045B): 系统正在关机。 (异常来自 HRESULT:0x8007045B)
   在 System.Runtime.InteropServices.Marshal.ThrowExceptionForHRInternal(Int32 errorCode, IntPtr errorInfo)
   在 System.Management.ManagementScope.InitializeGuts(Object o)
   在 System.Management.ManagementScope.Initialize()
   在 System.Management.ManagementObjectSearcher.Initialize()
   在 System.Management.ManagementObjectSearcher.Get()
   在 winsw.Util.ProcessHelper.GetChildPids(Int32 pid)
2019-02-18 17:40:29,281 INFO  - Stopping process 37324
2019-02-18 17:40:29,296 INFO  - Send SIGINT 37324
2019-02-18 17:40:29,328 INFO  - SIGINT to37324 successful
2019-02-18 17:40:29,328 INFO  - Finished ssserver
2019-02-18 17:40:29,359 DEBUG - Completed. Exit code is 0
2019-02-18 17:41:04,870 INFO  - Starting ServiceWrapper in the service mode
2019-02-18 17:41:06,541 INFO  - Starting shadowsocks-libqss -c config.json -S
2019-02-18 17:41:06,557 INFO  - Starting shadowsocks-libqss -c config.json -S
2019-02-18 17:41:06,619 INFO  - Started process 6352
2019-02-18 17:41:06,635 DEBUG - Forwarding logs of the process System.Diagnostics.Process (shadowsocks-libqss) to winsw.SizeBasedRollingLogAppender
2019-02-27 19:02:31,368 INFO  - Stopping ssserver
2019-02-27 19:02:31,368 DEBUG - ProcessKill 6352
2019-02-27 19:02:31,477 WARN  - Failed to locate children of the process with PID=6352. Child processes won't be terminated
System.Runtime.InteropServices.COMException (0x8007045B): 系统正在关机。 (异常来自 HRESULT:0x8007045B)
   在 System.Runtime.InteropServices.Marshal.ThrowExceptionForHRInternal(Int32 errorCode, IntPtr errorInfo)
   在 System.Management.ManagementScope.InitializeGuts(Object o)
   在 System.Management.ManagementScope.Initialize()
   在 System.Management.ManagementObjectSearcher.Initialize()
   在 System.Management.ManagementObjectSearcher.Get()
   在 winsw.Util.ProcessHelper.GetChildPids(Int32 pid)
2019-02-27 19:02:31,508 INFO  - Stopping process 6352
2019-02-27 19:02:31,524 INFO  - Send SIGINT 6352
2019-02-27 19:02:31,680 INFO  - SIGINT to6352 successful
2019-02-27 19:02:31,680 INFO  - Finished ssserver
2019-02-27 19:02:31,680 DEBUG - Completed. Exit code is 0
2019-02-27 19:03:11,145 INFO  - Starting ServiceWrapper in the service mode
2019-02-27 19:03:11,409 INFO  - Starting shadowsocks-libqss -c config.json -S
2019-02-27 19:03:11,449 INFO  - Starting shadowsocks-libqss -c config.json -S
2019-02-27 19:03:11,563 INFO  - Started process 7756
2019-02-27 19:03:11,579 DEBUG - Forwarding logs of the process System.Diagnostics.Process (shadowsocks-libqss) to winsw.SizeBasedRollingLogAppender
2019-03-06 01:14:11,849 INFO  - Stopping ssserver
2019-03-06 01:14:11,864 DEBUG - ProcessKill 7756
2019-03-06 01:14:11,958 WARN  - Failed to locate children of the process with PID=7756. Child processes won't be terminated
System.Runtime.InteropServices.COMException (0x8007045B): 系统正在关机。 (异常来自 HRESULT:0x8007045B)
   在 System.Runtime.InteropServices.Marshal.ThrowExceptionForHRInternal(Int32 errorCode, IntPtr errorInfo)
   在 System.Management.ManagementScope.InitializeGuts(Object o)
   在 System.Management.ManagementScope.Initialize()
   在 System.Management.ManagementObjectSearcher.Initialize()
   在 System.Management.ManagementObjectSearcher.Get()
   在 winsw.Util.ProcessHelper.GetChildPids(Int32 pid)
2019-03-06 01:14:11,989 INFO  - Stopping process 7756
2019-03-06 01:14:11,989 INFO  - Send SIGINT 7756
2019-03-06 01:14:12,114 INFO  - SIGINT to7756 successful
2019-03-06 01:14:12,114 INFO  - Finished ssserver
2019-03-06 01:14:12,114 DEBUG - Completed. Exit code is 0
2019-03-06 01:14:46,895 INFO  - Starting ServiceWrapper in the service mode
2019-03-06 01:14:47,166 INFO  - Starting shadowsocks-libqss -c config.json -S
2019-03-06 01:14:47,182 INFO  - Starting shadowsocks-libqss -c config.json -S
2019-03-06 01:14:47,260 INFO  - Started process 6852
2019-03-06 01:14:47,275 DEBUG - Forwarding logs of the process System.Diagnostics.Process (shadowsocks-libqss) to winsw.SizeBasedRollingLogAppender
2019-03-09 13:37:43,454 INFO  - Stopping ssserver
2019-03-09 13:37:43,470 DEBUG - ProcessKill 6852
2019-03-09 13:37:43,642 WARN  - Failed to locate children of the process with PID=6852. Child processes won't be terminated
System.Runtime.InteropServices.COMException (0x8007045B): 系统正在关机。 (异常来自 HRESULT:0x8007045B)
   在 System.Runtime.InteropServices.Marshal.ThrowExceptionForHRInternal(Int32 errorCode, IntPtr errorInfo)
   在 System.Management.ManagementScope.InitializeGuts(Object o)
   在 System.Management.ManagementScope.Initialize()
   在 System.Management.ManagementObjectSearcher.Initialize()
   在 System.Management.ManagementObjectSearcher.Get()
   在 winsw.Util.ProcessHelper.GetChildPids(Int32 pid)
2019-03-09 13:37:43,657 INFO  - Stopping process 6852
2019-03-09 13:37:43,657 INFO  - Send SIGINT 6852
2019-03-09 13:37:43,720 INFO  - SIGINT to6852 successful
2019-03-09 13:37:43,735 INFO  - Finished ssserver
2019-03-09 13:37:43,735 DEBUG - Completed. Exit code is 0
2019-03-09 13:38:24,164 INFO  - Starting ServiceWrapper in the service mode
2019-03-09 13:38:24,367 INFO  - Starting shadowsocks-libqss -c config.json -S
2019-03-09 13:38:24,398 INFO  - Starting shadowsocks-libqss -c config.json -S
2019-03-09 13:38:24,492 INFO  - Started process 6776
2019-03-09 13:38:24,539 DEBUG - Forwarding logs of the process System.Diagnostics.Process (shadowsocks-libqss) to winsw.SizeBasedRollingLogAppender
2019-03-13 23:13:35,474 INFO  - Stopping ssserver
2019-03-13 23:13:35,543 DEBUG - ProcessKill 6776
2019-03-13 23:13:35,663 WARN  - Failed to locate children of the process with PID=6776. Child processes won't be terminated
System.Runtime.InteropServices.COMException (0x8007045B): 系统正在关机。 (异常来自 HRESULT:0x8007045B)
   在 System.Runtime.InteropServices.Marshal.ThrowExceptionForHRInternal(Int32 errorCode, IntPtr errorInfo)
   在 System.Management.ManagementScope.InitializeGuts(Object o)
   在 System.Management.ManagementScope.Initialize()
   在 System.Management.ManagementObjectSearcher.Initialize()
   在 System.Management.ManagementObjectSearcher.Get()
   在 winsw.Util.ProcessHelper.GetChildPids(Int32 pid)
2019-03-13 23:13:35,683 INFO  - Stopping process 6776
2019-03-13 23:13:35,693 INFO  - Send SIGINT 6776
2019-03-13 23:13:35,803 INFO  - SIGINT to6776 successful
2019-03-13 23:13:35,803 INFO  - Finished ssserver
2019-03-13 23:13:35,803 DEBUG - Completed. Exit code is 0
2019-03-13 23:14:12,913 INFO  - Starting ServiceWrapper in the service mode
2019-03-13 23:14:13,133 INFO  - Starting shadowsocks-libqss -c config.json -S
2019-03-13 23:14:13,143 INFO  - Starting shadowsocks-libqss -c config.json -S
2019-03-13 23:14:13,273 INFO  - Started process 5264
2019-03-13 23:14:13,313 DEBUG - Forwarding logs of the process System.Diagnostics.Process (shadowsocks-libqss) to winsw.SizeBasedRollingLogAppender
2019-03-13 23:15:58,211 INFO  - Stopping ssserver
2019-03-13 23:15:58,211 DEBUG - ProcessKill 5264
2019-03-13 23:15:58,341 WARN  - Failed to locate children of the process with PID=5264. Child processes won't be terminated
System.Runtime.InteropServices.COMException (0x8007045B): 系统正在关机。 (异常来自 HRESULT:0x8007045B)
   在 System.Runtime.InteropServices.Marshal.ThrowExceptionForHRInternal(Int32 errorCode, IntPtr errorInfo)
   在 System.Management.ManagementScope.InitializeGuts(Object o)
   在 System.Management.ManagementScope.Initialize()
   在 System.Management.ManagementObjectSearcher.Initialize()
   在 System.Management.ManagementObjectSearcher.Get()
   在 winsw.Util.ProcessHelper.GetChildPids(Int32 pid)
2019-03-13 23:15:58,351 INFO  - Stopping process 5264
2019-03-13 23:15:58,361 INFO  - Send SIGINT 5264
2019-03-13 23:15:58,371 INFO  - SIGINT to5264 successful
2019-03-13 23:15:58,371 INFO  - Finished ssserver
2019-03-13 23:15:58,371 DEBUG - Completed. Exit code is 0
2019-03-13 23:16:37,780 INFO  - Starting ServiceWrapper in the service mode
2019-03-13 23:16:38,140 INFO  - Starting shadowsocks-libqss -c config.json -S
2019-03-13 23:16:38,140 INFO  - Starting shadowsocks-libqss -c config.json -S
2019-03-13 23:16:38,264 INFO  - Started process 5964
2019-03-13 23:16:38,281 DEBUG - Forwarding logs of the process System.Diagnostics.Process (shadowsocks-libqss) to winsw.SizeBasedRollingLogAppender
2019-03-26 18:35:04,481 INFO  - Stopping ssserver
2019-03-26 18:35:04,491 DEBUG - ProcessKill 5964
2019-03-26 18:35:04,734 WARN  - Failed to locate children of the process with PID=5964. Child processes won't be terminated
System.Runtime.InteropServices.COMException (0x8007045B): 系统正在关机。 (异常来自 HRESULT:0x8007045B)
   在 System.Runtime.InteropServices.Marshal.ThrowExceptionForHRInternal(Int32 errorCode, IntPtr errorInfo)
   在 System.Management.ManagementScope.InitializeGuts(Object o)
   在 System.Management.ManagementScope.Initialize()
   在 System.Management.ManagementObjectSearcher.Initialize()
   在 System.Management.ManagementObjectSearcher.Get()
   在 winsw.Util.ProcessHelper.GetChildPids(Int32 pid)
2019-03-26 18:35:04,784 INFO  - Stopping process 5964
2019-03-26 18:35:04,794 INFO  - Send SIGINT 5964
2019-03-26 18:35:04,964 INFO  - SIGINT to5964 successful
2019-03-26 18:35:04,964 INFO  - Finished ssserver
2019-03-26 18:35:04,974 DEBUG - Completed. Exit code is 0
2019-03-26 18:35:48,307 INFO  - Starting ServiceWrapper in the service mode
2019-03-26 18:35:49,541 INFO  - Starting shadowsocks-libqss -c config.json -S
2019-03-26 18:35:49,606 INFO  - Starting shadowsocks-libqss -c config.json -S
2019-03-26 18:35:49,701 INFO  - Started process 7012
2019-03-26 18:35:49,708 DEBUG - Forwarding logs of the process System.Diagnostics.Process (shadowsocks-libqss) to winsw.SizeBasedRollingLogAppender
2019-03-27 19:22:27,225 INFO  - Stopping ssserver
2019-03-27 19:22:27,325 DEBUG - ProcessKill 7012
2019-03-27 19:22:27,455 WARN  - Failed to locate children of the process with PID=7012. Child processes won't be terminated
System.Runtime.InteropServices.COMException (0x8007045B): 系统正在关机。 (异常来自 HRESULT:0x8007045B)
   在 System.Runtime.InteropServices.Marshal.ThrowExceptionForHRInternal(Int32 errorCode, IntPtr errorInfo)
   在 System.Management.ManagementScope.InitializeGuts(Object o)
   在 System.Management.ManagementScope.Initialize()
   在 System.Management.ManagementObjectSearcher.Initialize()
   在 System.Management.ManagementObjectSearcher.Get()
   在 winsw.Util.ProcessHelper.GetChildPids(Int32 pid)
2019-03-27 19:22:27,485 INFO  - Stopping process 7012
2019-03-27 19:22:27,485 INFO  - Send SIGINT 7012
2019-03-27 19:22:27,575 INFO  - SIGINT to7012 successful
2019-03-27 19:22:27,585 INFO  - Finished ssserver
2019-03-27 19:22:27,585 DEBUG - Completed. Exit code is 0
2019-03-27 19:23:04,591 INFO  - Starting ServiceWrapper in the service mode
2019-03-27 19:23:04,943 INFO  - Starting shadowsocks-libqss -c config.json -S
2019-03-27 19:23:04,950 INFO  - Starting shadowsocks-libqss -c config.json -S
2019-03-27 19:23:05,063 INFO  - Started process 7240
2019-03-27 19:23:05,092 DEBUG - Forwarding logs of the process System.Diagnostics.Process (shadowsocks-libqss) to winsw.SizeBasedRollingLogAppender
2019-04-01 12:00:44,723 INFO  - Stopping ssserver
2019-04-01 12:00:44,733 DEBUG - ProcessKill 7240
2019-04-01 12:00:44,873 WARN  - Failed to locate children of the process with PID=7240. Child processes won't be terminated
System.Runtime.InteropServices.COMException (0x8007045B): 系统正在关机。 (异常来自 HRESULT:0x8007045B)
   在 System.Runtime.InteropServices.Marshal.ThrowExceptionForHRInternal(Int32 errorCode, IntPtr errorInfo)
   在 System.Management.ManagementScope.InitializeGuts(Object o)
   在 System.Management.ManagementScope.Initialize()
   在 System.Management.ManagementObjectSearcher.Initialize()
   在 System.Management.ManagementObjectSearcher.Get()
   在 winsw.Util.ProcessHelper.GetChildPids(Int32 pid)
2019-04-01 12:00:44,883 INFO  - Stopping process 7240
2019-04-01 12:00:44,893 INFO  - Send SIGINT 7240
2019-04-01 12:00:44,993 INFO  - SIGINT to7240 successful
2019-04-01 12:00:44,993 INFO  - Finished ssserver
2019-04-01 12:00:45,003 DEBUG - Completed. Exit code is 0
2019-04-01 12:01:18,986 INFO  - Starting ServiceWrapper in the service mode
2019-04-01 12:01:19,566 INFO  - Starting shadowsocks-libqss -c config.json -S
2019-04-01 12:01:19,826 INFO  - Starting shadowsocks-libqss -c config.json -S
2019-04-01 12:01:19,896 INFO  - Started process 6652
2019-04-01 12:01:19,896 DEBUG - Forwarding logs of the process System.Diagnostics.Process (shadowsocks-libqss) to winsw.SizeBasedRollingLogAppender
2019-04-10 19:07:27,623 INFO  - Stopping ssserver
2019-04-10 19:07:27,653 DEBUG - ProcessKill 6652
2019-04-10 19:07:27,873 WARN  - Failed to locate children of the process with PID=6652. Child processes won't be terminated
System.Runtime.InteropServices.COMException (0x8007045B): 系统正在关机。 (异常来自 HRESULT:0x8007045B)
   在 System.Runtime.InteropServices.Marshal.ThrowExceptionForHRInternal(Int32 errorCode, IntPtr errorInfo)
   在 System.Management.ManagementScope.InitializeGuts(Object o)
   在 System.Management.ManagementScope.Initialize()
   在 System.Management.ManagementObjectSearcher.Initialize()
   在 System.Management.ManagementObjectSearcher.Get()
   在 winsw.Util.ProcessHelper.GetChildPids(Int32 pid)
2019-04-10 19:07:27,925 INFO  - Stopping process 6652
2019-04-10 19:07:27,925 INFO  - Send SIGINT 6652
2019-04-10 19:07:28,115 INFO  - SIGINT to6652 successful
2019-04-10 19:07:28,115 INFO  - Finished ssserver
2019-04-10 19:07:28,115 DEBUG - Completed. Exit code is 0
2019-04-10 19:08:18,457 INFO  - Starting ServiceWrapper in the service mode
2019-04-10 19:08:18,827 INFO  - Starting shadowsocks-libqss -c config.json -S
2019-04-10 19:08:18,837 INFO  - Starting shadowsocks-libqss -c config.json -S
2019-04-10 19:08:18,907 INFO  - Started process 7336
2019-04-10 19:08:18,927 DEBUG - Forwarding logs of the process System.Diagnostics.Process (shadowsocks-libqss) to winsw.SizeBasedRollingLogAppender
